wtf even m8 { _connecting: false,
  _handle: 
   { fd: 2,
     writeQueueSize: 0,
     owner: [Circular],
     onread: [Function: onread] },
  _readableState: 
   { highWaterMark: 16384,
     buffer: [],
     length: 0,
     pipes: null,
     pipesCount: 0,
     flowing: false,
     ended: false,
     endEmitted: false,
     reading: false,
     calledRead: false,
     sync: true,
     needReadable: false,
     emittedReadable: false,
     readableListening: false,
     objectMode: false,
     defaultEncoding: 'utf8',
     ranOut: false,
     awaitDrain: 0,
     readingMore: false,
     decoder: null,
     encoding: null },
  readable: false,
  domain: null,
  _events: 
   { end: { [Function: g] listener: [Function: onend] },
     finish: [Function: onSocketFinish],
     _socketEnd: [Function: onSocketEnd] },
  _maxListeners: 10,
  _writableState: 
   { highWaterMark: 16384,
     objectMode: false,
     needDrain: false,
     ending: true,
     ended: false,
     finished: true,
     decodeStrings: false,
     defaultEncoding: 'utf8',
     length: 0,
     writing: false,
     sync: true,
     bufferProcessing: false,
     onwrite: [Function],
     writecb: null,
     writelen: 0,
     buffer: [],
     errorEmitted: false },
  writable: true,
  allowHalfOpen: false,
  onend: null,
  destroyed: false,
  bytesRead: 0,
  _bytesDispatched: 0,
  _pendingData: null,
  _pendingEncoding: '',
  read: null,
  _type: 'pipe',
  fd: 2,
  _isStdio: true,
  destroySoon: [Function],
  destroy: [Function] }
