{"level":"info","msg":"spawning process","fields":{}}
{"level":"info","msg":"spawning tsserver.js","fields":{}}
{"level":"info","msg":"spawned...","fields":{}}
{"level":"info","msg":"got stdin buffer","fields":{"line":"{\"arguments\": {\"formatOptions\": {\"tabSize\": 4, \"convertTabsToSpaces\": true, \"indentSize\": 4}, \"hostInfo\": \"Sublime Text version 3114\", \"file\": null}, \"command\": \"configure\", \"seq\": 1, \"type\": \"request\"}\n{\"arguments\": {\"file\": \"/home/raynos/projects/jsig/lib/_tsserver.js\"}, \"command\": \"open\", \"seq\": 2, \"type\": \"request\"}\n"}}
{"level":"info","msg":"got stdin json","fields":{"json":{"arguments":{"file":"/home/raynos/projects/http-hash-server/lib/router.js"},"command":"open","seq":3,"type":"request"}}}
{"level":"info","msg":"got stdin json","fields":{"json":{"arguments":{"delay":500,"files":["/home/raynos/projects/jsig/lib/_tsserver.js","/home/raynos/projects/http-hash-server/lib/router.js"]},"command":"geterr","seq":4,"type":"request"}}}
{"level":"info","msg":"got stdin json","fields":{"json":{"arguments":{"filesToSearch":["/home/raynos/projects/jsig/lib/_tsserver.js"],"line":108,"offset":1,"file":"/home/raynos/projects/jsig/lib/_tsserver.js"},"command":"documentHighlights","seq":5,"type":"request"}}}
{"level":"info","msg":"got stdout response buffer","fields":{"json":{"seq":0,"type":"response","command":"configure","request_seq":1,"success":true}}}
{"level":"info","msg":"got stdout response buffer","fields":{"json":{"seq":0,"type":"response","command":"documentHighlights","request_seq":5,"success":false,"message":"No content available."}}}
{"level":"info","msg":"got stdout response buffer","fields":{"json":{"seq":0,"type":"event","event":"syntaxDiag","body":{"file":"/home/raynos/projects/jsig/lib/_tsserver.js","diagnostics":[]}}}}
{"level":"info","msg":"got stdout response buffer","fields":{"json":{"seq":0,"type":"event","event":"semanticDiag","body":{"file":"/home/raynos/projects/jsig/lib/_tsserver.js","diagnostics":[]}}}}
{"level":"info","msg":"got stdout response buffer","fields":{"json":{"seq":0,"type":"event","event":"syntaxDiag","body":{"file":"/home/raynos/projects/http-hash-server/lib/router.js","diagnostics":[]}}}}
{"level":"info","msg":"got stdout response buffer","fields":{"json":{"seq":0,"type":"event","event":"semanticDiag","body":{"file":"/home/raynos/projects/http-hash-server/lib/router.js","diagnostics":[]}}}}
{"level":"info","msg":"got stdin json","fields":{"json":{"arguments":{"delay":500,"files":["/home/raynos/projects/jsig/lib/_tsserver.js","/home/raynos/projects/http-hash-server/lib/router.js"]},"command":"geterr","seq":6,"type":"request"}}}
{"level":"info","msg":"got stdin buffer","fields":{"line":"{\"arguments\": {\"line\": 127, \"offset\": 18, \"file\": \"/home/raynos/projects/http-hash-server/lib/router.js\"}, \"command\": \"quickinfo\", \"seq\": 7, \"type\": \"request\"}\n{\"arguments\": {\"filesToSearch\": [\"/home/raynos/projects/http-hash-server/lib/router.js\"], \"line\": 127, \"offset\": 18, \"file\": \"/home/raynos/projects/http-hash-server/lib/router.js\"}, \"command\": \"documentHighlights\", \"seq\": 8, \"type\": \"request\"}\n"}}
{"level":"info","msg":"got stdout response buffer","fields":{"json":{"seq":0,"type":"response","command":"quickinfo","request_seq":7,"success":true,"body":{"kind":"","kindModifiers":"","start":{"line":127,"offset":17},"end":{"line":127,"offset":21},"displayString":"any","documentation":""}}}}
{"level":"info","msg":"got stdout response buffer","fields":{"json":{"seq":0,"type":"response","command":"documentHighlights","request_seq":8,"success":true,"body":[{"file":"/home/raynos/projects/http-hash-server/lib/router.js","highlightSpans":[{"start":{"line":127,"offset":17},"end":{"line":127,"offset":21},"kind":"reference"},{"start":{"line":141,"offset":13},"end":{"line":141,"offset":17},"kind":"reference"},{"start":{"line":144,"offset":9},"end":{"line":144,"offset":13},"kind":"reference"}]}]}}}
{"level":"info","msg":"got stdin json","fields":{"json":{"arguments":{"line":129,"offset":18,"file":"/home/raynos/projects/http-hash-server/lib/router.js"},"command":"quickinfo","seq":9,"type":"request"}}}
{"level":"info","msg":"doing a type check","fields":{}}
{"level":"info","msg":"about to run type checker","fields":{}}
{"level":"warn","msg":"ran a check","fields":{"fileName":"/home/raynos/projects/http-hash-server/lib/router.js","errorCount":39}}
{"level":"info","msg":"got stdin json","fields":{"json":{"arguments":{"filesToSearch":["/home/raynos/projects/http-hash-server/lib/router.js"],"line":129,"offset":18,"file":"/home/raynos/projects/http-hash-server/lib/router.js"},"command":"documentHighlights","seq":10,"type":"request"}}}
{"level":"info","msg":"got stdout response buffer","fields":{"json":{"seq":0,"type":"response","command":"quickinfo","request_seq":9,"success":true,"body":{"kind":"local var","kindModifiers":"","start":{"line":129,"offset":5},"end":{"line":129,"offset":19},"displayString":"(local var) perRequestOpts: any","documentation":""}}}}
{"level":"info","msg":"got stdout response buffer","fields":{"json":{"seq":0,"type":"response","command":"documentHighlights","request_seq":10,"success":true,"body":[{"file":"/home/raynos/projects/http-hash-server/lib/router.js","highlightSpans":[{"start":{"line":124,"offset":9},"end":{"line":124,"offset":23},"kind":"writtenReference"},{"start":{"line":129,"offset":5},"end":{"line":129,"offset":19},"kind":"reference"},{"start":{"line":139,"offset":45},"end":{"line":139,"offset":59},"kind":"reference"},{"start":{"line":141,"offset":45},"end":{"line":141,"offset":59},"kind":"reference"},{"start":{"line":144,"offset":36},"end":{"line":144,"offset":50},"kind":"reference"}]}]}}}
{"level":"info","msg":"got stdin buffer","fields":{"line":"{\"arguments\": {\"line\": 129, \"offset\": 18, \"file\": \"/home/raynos/projects/http-hash-server/lib/router.js\"}, \"command\": \"quickinfo\", \"seq\": 11, \"type\": \"request\"}\n{\"arguments\": {\"filesToSearch\": [\"/home/raynos/projects/http-hash-server/lib/router.js\"], \"line\": 129, \"offset\": 18, \"file\": \"/home/raynos/projects/http-hash-server/lib/router.js\"}, \"command\": \"documentHighlights\", \"seq\": 12, \"type\": \"request\"}\n"}}
{"level":"info","msg":"got stdout response buffer","fields":{"json":{"seq":0,"type":"response","command":"quickinfo","request_seq":11,"success":true,"body":{"kind":"local var","kindModifiers":"","start":{"line":129,"offset":5},"end":{"line":129,"offset":19},"displayString":"(local var) perRequestOpts: any","documentation":""}}}}
{"level":"info","msg":"got stdout response buffer","fields":{"json":{"seq":0,"type":"response","command":"documentHighlights","request_seq":12,"success":true,"body":[{"file":"/home/raynos/projects/http-hash-server/lib/router.js","highlightSpans":[{"start":{"line":124,"offset":9},"end":{"line":124,"offset":23},"kind":"writtenReference"},{"start":{"line":129,"offset":5},"end":{"line":129,"offset":19},"kind":"reference"},{"start":{"line":139,"offset":45},"end":{"line":139,"offset":59},"kind":"reference"},{"start":{"line":141,"offset":45},"end":{"line":141,"offset":59},"kind":"reference"},{"start":{"line":144,"offset":36},"end":{"line":144,"offset":50},"kind":"reference"}]}]}}}
{"level":"info","msg":"got stdout response buffer","fields":{"json":{"seq":0,"type":"event","event":"syntaxDiag","body":{"file":"/home/raynos/projects/jsig/lib/_tsserver.js","diagnostics":[]}}}}
{"level":"info","msg":"got stdout response buffer","fields":{"json":{"seq":0,"type":"event","event":"semanticDiag","body":{"file":"/home/raynos/projects/jsig/lib/_tsserver.js","diagnostics":[]}}}}
{"level":"info","msg":"got stdout response buffer","fields":{"json":{"seq":0,"type":"event","event":"syntaxDiag","body":{"file":"/home/raynos/projects/http-hash-server/lib/router.js","diagnostics":[]}}}}
{"level":"info","msg":"got stdin json","fields":{"json":{"arguments":{"line":129,"offset":18,"file":"/home/raynos/projects/http-hash-server/lib/router.js"},"command":"quickinfo","seq":13,"type":"request"}}}
{"level":"info","msg":"doing a type check","fields":{}}
{"level":"info","msg":"about to run type checker","fields":{}}
{"level":"warn","msg":"ran a check","fields":{"fileName":"/home/raynos/projects/http-hash-server/lib/router.js","errorCount":39}}
{"level":"info","msg":"got stdout response buffer","fields":{"json":{"seq":0,"type":"event","event":"semanticDiag","body":{"file":"/home/raynos/projects/http-hash-server/lib/router.js","diagnostics":[]}}}}
{"level":"info","msg":"got stdin json","fields":{"json":{"arguments":{"line":125,"offset":12,"file":"/home/raynos/projects/http-hash-server/lib/router.js"},"command":"quickinfo","seq":14,"type":"request"}}}
{"level":"info","msg":"doing a type check","fields":{}}
{"level":"info","msg":"about to run type checker","fields":{}}
{"level":"warn","msg":"ran a check","fields":{"fileName":"/home/raynos/projects/http-hash-server/lib/router.js","errorCount":39}}
{"level":"info","msg":"got stdin buffer","fields":{"line":"{\"arguments\": {\"line\": 125, \"offset\": 12, \"file\": \"/home/raynos/projects/http-hash-server/lib/router.js\"}, \"command\": \"quickinfo\", \"seq\": 15, \"type\": \"request\"}\n{\"arguments\": {\"filesToSearch\": [\"/home/raynos/projects/http-hash-server/lib/router.js\"], \"line\": 125, \"offset\": 12, \"file\": \"/home/raynos/projects/http-hash-server/lib/router.js\"}, \"command\": \"documentHighlights\", \"seq\": 16, \"type\": \"request\"}\n"}}
{"level":"info","msg":"got stdout response buffer","fields":{"json":{"seq":0,"type":"response","command":"quickinfo","request_seq":14,"success":true,"body":{"kind":"local var","kindModifiers":"","start":{"line":125,"offset":9},"end":{"line":125,"offset":18},"displayString":"(local var) parsedUrl: any","documentation":""}}}}
{"level":"info","msg":"got stdout response buffer","fields":{"json":{"seq":0,"type":"response","command":"quickinfo","request_seq":15,"success":true,"body":{"kind":"local var","kindModifiers":"","start":{"line":125,"offset":9},"end":{"line":125,"offset":18},"displayString":"(local var) parsedUrl: any","documentation":""}}}}
{"level":"info","msg":"got stdout response buffer","fields":{"json":{"seq":0,"type":"response","command":"documentHighlights","request_seq":16,"success":true,"body":[{"file":"/home/raynos/projects/http-hash-server/lib/router.js","highlightSpans":[{"start":{"line":125,"offset":9},"end":{"line":125,"offset":18},"kind":"writtenReference"},{"start":{"line":127,"offset":31},"end":{"line":127,"offset":40},"kind":"reference"},{"start":{"line":131,"offset":9},"end":{"line":131,"offset":18},"kind":"reference"}]}]}}}
{"level":"info","msg":"got stdin json","fields":{"json":{"arguments":{"line":125,"offset":12,"file":"/home/raynos/projects/http-hash-server/lib/router.js"},"command":"quickinfo","seq":17,"type":"request"}}}
{"level":"info","msg":"doing a type check","fields":{}}
{"level":"info","msg":"about to run type checker","fields":{}}
{"level":"warn","msg":"ran a check","fields":{"fileName":"/home/raynos/projects/http-hash-server/lib/router.js","errorCount":39}}
{"level":"info","msg":"got stdin json","fields":{"json":{"arguments":{"filesToSearch":["/home/raynos/projects/http-hash-server/lib/router.js"],"line":125,"offset":12,"file":"/home/raynos/projects/http-hash-server/lib/router.js"},"command":"documentHighlights","seq":18,"type":"request"}}}
{"level":"info","msg":"got stdout response buffer","fields":{"json":{"seq":0,"type":"response","command":"quickinfo","request_seq":17,"success":true,"body":{"kind":"local var","kindModifiers":"","start":{"line":125,"offset":9},"end":{"line":125,"offset":18},"displayString":"(local var) parsedUrl: any","documentation":""}}}}
{"level":"info","msg":"got stdout response buffer","fields":{"json":{"seq":0,"type":"response","command":"documentHighlights","request_seq":18,"success":true,"body":[{"file":"/home/raynos/projects/http-hash-server/lib/router.js","highlightSpans":[{"start":{"line":125,"offset":9},"end":{"line":125,"offset":18},"kind":"writtenReference"},{"start":{"line":127,"offset":31},"end":{"line":127,"offset":40},"kind":"reference"},{"start":{"line":131,"offset":9},"end":{"line":131,"offset":18},"kind":"reference"}]}]}}}
{"level":"info","msg":"got stdin json","fields":{"json":{"arguments":{"line":125,"offset":12,"file":"/home/raynos/projects/http-hash-server/lib/router.js"},"command":"quickinfo","seq":19,"type":"request"}}}
{"level":"info","msg":"doing a type check","fields":{}}
{"level":"info","msg":"about to run type checker","fields":{}}
{"level":"warn","msg":"ran a check","fields":{"fileName":"/home/raynos/projects/http-hash-server/lib/router.js","errorCount":39}}
{"level":"info","msg":"got stdout response buffer","fields":{"json":{"seq":0,"type":"response","command":"quickinfo","request_seq":19,"success":true,"body":{"kind":"local var","kindModifiers":"","start":{"line":125,"offset":9},"end":{"line":125,"offset":18},"displayString":"(local var) parsedUrl: any","documentation":""}}}}
{"level":"info","msg":"got stdin json","fields":{"json":{"arguments":{"delay":500,"files":["/home/raynos/projects/jsig/lib/_tsserver.js","/home/raynos/projects/http-hash-server/lib/router.js"]},"command":"geterr","seq":20,"type":"request"}}}
{"level":"info","msg":"got stdin buffer","fields":{"line":"{\"arguments\": {\"line\": 125, \"offset\": 12, \"file\": \"/home/raynos/projects/http-hash-server/lib/router.js\"}, \"command\": \"quickinfo\", \"seq\": 21, \"type\": \"request\"}\n{\"arguments\": {\"filesToSearch\": [\"/home/raynos/projects/http-hash-server/lib/router.js\"], \"line\": 125, \"offset\": 12, \"file\": \"/home/raynos/projects/http-hash-server/lib/router.js\"}, \"command\": \"documentHighlights\", \"seq\": 22, \"type\": \"request\"}\n"}}
{"level":"info","msg":"got stdout response buffer","fields":{"json":{"seq":0,"type":"response","command":"quickinfo","request_seq":21,"success":true,"body":{"kind":"local var","kindModifiers":"","start":{"line":125,"offset":9},"end":{"line":125,"offset":18},"displayString":"(local var) parsedUrl: any","documentation":""}}}}
{"level":"info","msg":"got stdout response buffer","fields":{"json":{"seq":0,"type":"response","command":"documentHighlights","request_seq":22,"success":true,"body":[{"file":"/home/raynos/projects/http-hash-server/lib/router.js","highlightSpans":[{"start":{"line":125,"offset":9},"end":{"line":125,"offset":18},"kind":"writtenReference"},{"start":{"line":127,"offset":31},"end":{"line":127,"offset":40},"kind":"reference"},{"start":{"line":131,"offset":9},"end":{"line":131,"offset":18},"kind":"reference"}]}]}}}
{"level":"info","msg":"got stdout response buffer","fields":{"json":{"seq":0,"type":"event","event":"syntaxDiag","body":{"file":"/home/raynos/projects/jsig/lib/_tsserver.js","diagnostics":[]}}}}
{"level":"info","msg":"got stdout response buffer","fields":{"json":{"seq":0,"type":"event","event":"semanticDiag","body":{"file":"/home/raynos/projects/jsig/lib/_tsserver.js","diagnostics":[]}}}}
{"level":"info","msg":"got stdout response buffer","fields":{"json":{"seq":0,"type":"event","event":"syntaxDiag","body":{"file":"/home/raynos/projects/http-hash-server/lib/router.js","diagnostics":[]}}}}
{"level":"info","msg":"got stdout response buffer","fields":{"json":{"seq":0,"type":"event","event":"semanticDiag","body":{"file":"/home/raynos/projects/http-hash-server/lib/router.js","diagnostics":[]}}}}
{"level":"info","msg":"got stdin json","fields":{"json":{"arguments":{"line":125,"offset":12,"file":"/home/raynos/projects/http-hash-server/lib/router.js"},"command":"quickinfo","seq":23,"type":"request"}}}
{"level":"info","msg":"doing a type check","fields":{}}
{"level":"info","msg":"about to run type checker","fields":{}}
{"level":"warn","msg":"ran a check","fields":{"fileName":"/home/raynos/projects/http-hash-server/lib/router.js","errorCount":39}}
{"level":"info","msg":"got stdin json","fields":{"json":{"arguments":{"line":125,"offset":12,"file":"/home/raynos/projects/http-hash-server/lib/router.js"},"command":"quickinfo","seq":24,"type":"request"}}}
{"level":"info","msg":"doing a type check","fields":{}}
{"level":"info","msg":"about to run type checker","fields":{}}
{"level":"warn","msg":"ran a check","fields":{"fileName":"/home/raynos/projects/http-hash-server/lib/router.js","errorCount":39}}
{"level":"info","msg":"got stdout response buffer","fields":{"json":{"seq":0,"type":"response","command":"quickinfo","request_seq":23,"success":true,"body":{"kind":"local var","kindModifiers":"","start":{"line":125,"offset":9},"end":{"line":125,"offset":18},"displayString":"(local var) parsedUrl: any","documentation":""}}}}
{"level":"info","msg":"got stdin json","fields":{"json":{"arguments":{"delay":500,"files":["/home/raynos/projects/jsig/lib/_tsserver.js","/home/raynos/projects/http-hash-server/lib/router.js"]},"command":"geterr","seq":25,"type":"request"}}}
{"level":"info","msg":"got stdin json","fields":{"json":{"arguments":{"line":125,"offset":12,"file":"/home/raynos/projects/http-hash-server/lib/router.js"},"command":"quickinfo","seq":26,"type":"request"}}}
{"level":"info","msg":"doing a type check","fields":{}}
{"level":"info","msg":"about to run type checker","fields":{}}
{"level":"warn","msg":"ran a check","fields":{"fileName":"/home/raynos/projects/http-hash-server/lib/router.js","errorCount":39}}
{"level":"info","msg":"got stdin json","fields":{"json":{"arguments":{"filesToSearch":["/home/raynos/projects/http-hash-server/lib/router.js"],"line":125,"offset":12,"file":"/home/raynos/projects/http-hash-server/lib/router.js"},"command":"documentHighlights","seq":27,"type":"request"}}}
{"level":"info","msg":"got stdout response buffer","fields":{"json":{"seq":0,"type":"response","command":"quickinfo","request_seq":26,"success":true,"body":{"kind":"local var","kindModifiers":"","start":{"line":125,"offset":9},"end":{"line":125,"offset":18},"displayString":"(local var) parsedUrl: any","documentation":""}}}}
{"level":"info","msg":"got stdout response buffer","fields":{"json":{"seq":0,"type":"response","command":"documentHighlights","request_seq":27,"success":true,"body":[{"file":"/home/raynos/projects/http-hash-server/lib/router.js","highlightSpans":[{"start":{"line":125,"offset":9},"end":{"line":125,"offset":18},"kind":"writtenReference"},{"start":{"line":127,"offset":31},"end":{"line":127,"offset":40},"kind":"reference"},{"start":{"line":131,"offset":9},"end":{"line":131,"offset":18},"kind":"reference"}]}]}}}
{"level":"info","msg":"got stdout response buffer","fields":{"json":{"seq":0,"type":"event","event":"syntaxDiag","body":{"file":"/home/raynos/projects/jsig/lib/_tsserver.js","diagnostics":[]}}}}
{"level":"info","msg":"got stdout response buffer","fields":{"json":{"seq":0,"type":"event","event":"semanticDiag","body":{"file":"/home/raynos/projects/jsig/lib/_tsserver.js","diagnostics":[]}}}}
{"level":"info","msg":"got stdout response buffer","fields":{"json":{"seq":0,"type":"event","event":"syntaxDiag","body":{"file":"/home/raynos/projects/http-hash-server/lib/router.js","diagnostics":[]}}}}
{"level":"info","msg":"got stdin json","fields":{"json":{"arguments":{"line":125,"offset":12,"file":"/home/raynos/projects/http-hash-server/lib/router.js"},"command":"quickinfo","seq":28,"type":"request"}}}
{"level":"info","msg":"doing a type check","fields":{}}
{"level":"info","msg":"about to run type checker","fields":{}}
{"level":"warn","msg":"ran a check","fields":{"fileName":"/home/raynos/projects/http-hash-server/lib/router.js","errorCount":39}}
{"level":"info","msg":"got stdout response buffer","fields":{"json":{"seq":0,"type":"event","event":"semanticDiag","body":{"file":"/home/raynos/projects/http-hash-server/lib/router.js","diagnostics":[]}}}}
{"level":"info","msg":"got stdin json","fields":{"json":{"arguments":{"line":125,"offset":12,"file":"/home/raynos/projects/http-hash-server/lib/router.js"},"command":"quickinfo","seq":29,"type":"request"}}}
{"level":"info","msg":"doing a type check","fields":{}}
{"level":"info","msg":"about to run type checker","fields":{}}
{"level":"warn","msg":"ran a check","fields":{"fileName":"/home/raynos/projects/http-hash-server/lib/router.js","errorCount":39}}
{"level":"info","msg":"got stdout response buffer","fields":{"json":{"seq":0,"type":"response","command":"quickinfo","request_seq":29,"success":true,"body":{"kind":"local var","kindModifiers":"","start":{"line":125,"offset":9},"end":{"line":125,"offset":18},"displayString":"(local var) parsedUrl: any","documentation":""}}}}
{"level":"info","msg":"got stdin json","fields":{"json":{"arguments":{"file":"/home/raynos/projects/http-hash-server/package.json"},"command":"close","seq":30,"type":"request"}}}
{"level":"info","msg":"got stdin json","fields":{"json":{"arguments":{"file":"/home/raynos/projects/http-hash-server/README.md"},"command":"close","seq":31,"type":"request"}}}
{"level":"info","msg":"got stdin json","fields":{"json":{"arguments":{"delay":500,"files":["/home/raynos/projects/jsig/lib/_tsserver.js"]},"command":"geterr","seq":32,"type":"request"}}}
{"level":"info","msg":"got stdout response buffer","fields":{"json":{"seq":0,"type":"event","event":"syntaxDiag","body":{"file":"/home/raynos/projects/jsig/lib/_tsserver.js","diagnostics":[]}}}}
{"level":"info","msg":"got stdout response buffer","fields":{"json":{"seq":0,"type":"event","event":"semanticDiag","body":{"file":"/home/raynos/projects/jsig/lib/_tsserver.js","diagnostics":[]}}}}
{"level":"info","msg":"got stdin json","fields":{"json":{"arguments":{"delay":500,"files":["/home/raynos/projects/jsig/lib/_tsserver.js"]},"command":"geterr","seq":33,"type":"request"}}}
{"level":"info","msg":"got stdin json","fields":{"json":{"arguments":{"filesToSearch":["/home/raynos/projects/jsig/lib/_tsserver.js"],"line":93,"offset":23,"file":"/home/raynos/projects/jsig/lib/_tsserver.js"},"command":"documentHighlights","seq":34,"type":"request"}}}
{"level":"info","msg":"got stdout response buffer","fields":{"json":{"seq":0,"type":"response","command":"documentHighlights","request_seq":34,"success":false,"message":"No content available."}}}
{"level":"info","msg":"got stdout response buffer","fields":{"json":{"seq":0,"type":"event","event":"syntaxDiag","body":{"file":"/home/raynos/projects/jsig/lib/_tsserver.js","diagnostics":[]}}}}
{"level":"info","msg":"got stdout response buffer","fields":{"json":{"seq":0,"type":"event","event":"semanticDiag","body":{"file":"/home/raynos/projects/jsig/lib/_tsserver.js","diagnostics":[]}}}}
{"level":"info","msg":"got stdin json","fields":{"json":{"arguments":{"delay":500,"files":["/home/raynos/projects/jsig/lib/_tsserver.js"]},"command":"geterr","seq":35,"type":"request"}}}
{"level":"info","msg":"got stdin json","fields":{"json":{"arguments":{"filesToSearch":["/home/raynos/projects/jsig/lib/_tsserver.js"],"line":93,"offset":23,"file":"/home/raynos/projects/jsig/lib/_tsserver.js"},"command":"documentHighlights","seq":36,"type":"request"}}}
{"level":"info","msg":"got stdout response buffer","fields":{"json":{"seq":0,"type":"response","command":"documentHighlights","request_seq":36,"success":false,"message":"No content available."}}}
{"level":"info","msg":"got stdout response buffer","fields":{"json":{"seq":0,"type":"event","event":"syntaxDiag","body":{"file":"/home/raynos/projects/jsig/lib/_tsserver.js","diagnostics":[]}}}}
{"level":"info","msg":"got stdout response buffer","fields":{"json":{"seq":0,"type":"event","event":"semanticDiag","body":{"file":"/home/raynos/projects/jsig/lib/_tsserver.js","diagnostics":[]}}}}
{"level":"info","msg":"got stdin json","fields":{"json":{"arguments":{"line":93,"file":"/home/raynos/projects/jsig/lib/_tsserver.js","endOffset":23,"insertString":",","offset":23,"endLine":93},"command":"change","seq":37,"type":"request"}}}
{"level":"info","msg":"got stdin json","fields":{"json":{"arguments":{"delay":500,"files":["/home/raynos/projects/jsig/lib/_tsserver.js"]},"command":"geterr","seq":38,"type":"request"}}}
{"level":"info","msg":"got stdout response buffer","fields":{"json":{"seq":0,"type":"event","event":"syntaxDiag","body":{"file":"/home/raynos/projects/jsig/lib/_tsserver.js","diagnostics":[]}}}}
{"level":"info","msg":"got stdout response buffer","fields":{"json":{"seq":0,"type":"event","event":"semanticDiag","body":{"file":"/home/raynos/projects/jsig/lib/_tsserver.js","diagnostics":[]}}}}
{"level":"info","msg":"got stdin json","fields":{"json":{"arguments":{"tmpfile":"/home/raynos/.config/sublime-text-3/Packages/TypeScript/.tmpbuf0","file":"/home/raynos/projects/jsig/lib/_tsserver.js"},"command":"reload","seq":39,"type":"request"}}}
{"level":"info","msg":"got stdout response buffer","fields":{"json":{"seq":0,"type":"response","command":"reload","request_seq":39,"success":true}}}
{"level":"info","msg":"got stdout response buffer","fields":{"json":{"seq":0,"type":"response","command":"reload","request_seq":39,"success":true,"body":{"reloadFinished":true}}}}
{"level":"info","msg":"got stdin json","fields":{"json":{"arguments":{"tmpfile":"/home/raynos/.config/sublime-text-3/Packages/TypeScript/.tmpbuf0","file":"/home/raynos/projects/jsig/lib/_tsserver.js"},"command":"reload","seq":40,"type":"request"}}}
{"level":"info","msg":"got stdin json","fields":{"json":{"arguments":{"line":94,"offset":10,"file":"/home/raynos/projects/jsig/lib/_tsserver.js","prefix":"d"},"command":"completions","seq":41,"type":"request"}}}
{"level":"info","msg":"got stdout response buffer","fields":{"json":{"seq":0,"type":"response","command":"reload","request_seq":40,"success":true}}}
{"level":"info","msg":"got stdout response buffer","fields":{"json":{"seq":0,"type":"response","command":"reload","request_seq":40,"success":true,"body":{"reloadFinished":true}}}}
{"level":"info","msg":"got stdout response buffer","fields":{"json":{"seq":0,"type":"response","command":"completions","request_seq":41,"success":true,"body":[{"name":"INFO","kind":"warning","kindModifiers":"","sortText":"1"},{"name":"JSON","kind":"warning","kindModifiers":"","sortText":"1"},{"name":"SocketInspector","kind":"warning","kindModifiers":"","sortText":"1"},{"name":"TS_SERVER","kind":"warning","kindModifiers":"","sortText":"1"},{"name":"TypeCheckBinary","kind":"warning","kindModifiers":"","sortText":"1"},{"name":"TypeScriptProxy","kind":"warning","kindModifiers":"","sortText":"1"},{"name":"WARN","kind":"warning","kindModifiers":"","sortText":"1"},{"name":"_","kind":"warning","kindModifiers":"","sortText":"1"},{"name":"___dirname","kind":"warning","kindModifiers":"","sortText":"1"},{"name":"args","kind":"warning","kindModifiers":"","sortText":"1"},{"name":"arguments","kind":"warning","kindModifiers":"","sortText":"1"},{"name":"bin","kind":"warning","kindModifiers":"","sortText":"1"},{"name":"buf","kind":"warning","kindModifiers":"","sortText":"1"},{"name":"checker","kind":"warning","kindModifiers":"","sortText":"1"},{"name":"childProcess","kind":"warning","kindModifiers":"","sortText":"1"},{"name":"code","kind":"warning","kindModifiers":"","sortText":"1"},{"name":"command","kind":"warning","kindModifiers":"","sortText":"1"},{"name":"console","kind":"warning","kindModifiers":"","sortText":"1"},{"name":"createWriteStream","kind":"warning","kindModifiers":"","sortText":"1"},{"name":"enable","kind":"warning","kindModifiers":"","sortText":"1"},{"name":"end","kind":"warning","kindModifiers":"","sortText":"1"},{"name":"err","kind":"warning","kindModifiers":"","sortText":"1"},{"name":"error","kind":"warning","kindModifiers":"","sortText":"1"},{"name":"errorCount","kind":"warning","kindModifiers":"","sortText":"1"},{"name":"errors","kind":"warning","kindModifiers":"","sortText":"1"},{"name":"exit","kind":"warning","kindModifiers":"","sortText":"1"},{"name":"fields","kind":"warning","kindModifiers":"","sortText":"1"},{"name":"file","kind":"warning","kindModifiers":"","sortText":"1"},{"name":"fileName","kind":"warning","kindModifiers":"","sortText":"1"},{"name":"flushDelay","kind":"warning","kindModifiers":"","sortText":"1"},{"name":"fs","kind":"warning","kindModifiers":"","sortText":"1"},{"name":"global","kind":"warning","kindModifiers":"","sortText":"1"},{"name":"handleStdin","kind":"warning","kindModifiers":"","sortText":"1"},{"name":"handleStdout","kind":"warning","kindModifiers":"","sortText":"1"},{"name":"indexOf","kind":"warning","kindModifiers":"","sortText":"1"},{"name":"info","kind":"warning","kindModifiers":"","sortText":"1"},{"name":"inspector","kind":"warning","kindModifiers":"","sortText":"1"},{"name":"join","kind":"warning","kindModifiers":"","sortText":"1"},{"name":"json","kind":"warning","kindModifiers":"","sortText":"1"},{"name":"length","kind":"warning","kindModifiers":"","sortText":"1"},{"name":"level","kind":"warning","kindModifiers":"","sortText":"1"},{"name":"line","kind":"warning","kindModifiers":"","sortText":"1"},{"name":"lines","kind":"warning","kindModifiers":"","sortText":"1"},{"name":"log","kind":"warning","kindModifiers":"","sortText":"1"},{"name":"logFile","kind":"warning","kindModifiers":"","sortText":"1"},{"name":"logStream","kind":"warning","kindModifiers":"","sortText":"1"},{"name":"logger","kind":"warning","kindModifiers":"","sortText":"1"},{"name":"main","kind":"warning","kindModifiers":"","sortText":"1"},{"name":"message","kind":"warning","kindModifiers":"","sortText":"1"},{"name":"msg","kind":"warning","kindModifiers":"","sortText":"1"},{"name":"noop","kind":"warning","kindModifiers":"","sortText":"1"},{"name":"obj","kind":"warning","kindModifiers":"","sortText":"1"},{"name":"on","kind":"warning","kindModifiers":"","sortText":"1"},{"name":"onClose","kind":"warning","kindModifiers":"","sortText":"1"},{"name":"onData","kind":"warning","kindModifiers":"","sortText":"1"},{"name":"onEnd","kind":"warning","kindModifiers":"","sortText":"1"},{"name":"onExit","kind":"warning","kindModifiers":"","sortText":"1"},{"name":"oops","kind":"warning","kindModifiers":"","sortText":"1"},{"name":"parse","kind":"warning","kindModifiers":"","sortText":"1"},{"name":"path","kind":"warning","kindModifiers":"","sortText":"1"},{"name":"proc","kind":"warning","kindModifiers":"","sortText":"1"},{"name":"process","kind":"warning","kindModifiers":"","sortText":"1"},{"name":"prototype","kind":"warning","kindModifiers":"","sortText":"1"},{"name":"proxy","kind":"warning","kindModifiers":"","sortText":"1"},{"name":"quickInfo","kind":"warning","kindModifiers":"","sortText":"1"},{"name":"require","kind":"warning","kindModifiers":"","sortText":"1"},{"name":"res","kind":"warning","kindModifiers":"","sortText":"1"},{"name":"run","kind":"warning","kindModifiers":"","sortText":"1"},{"name":"self","kind":"warning","kindModifiers":"","sortText":"1"},{"name":"seq","kind":"warning","kindModifiers":"","sortText":"1"},{"name":"seqId","kind":"warning","kindModifiers":"","sortText":"1"},{"name":"setInterval","kind":"warning","kindModifiers":"","sortText":"1"},{"name":"setTimeout","kind":"warning","kindModifiers":"","sortText":"1"},{"name":"spawn","kind":"warning","kindModifiers":"","sortText":"1"},{"name":"split","kind":"warning","kindModifiers":"","sortText":"1"},{"name":"stack","kind":"warning","kindModifiers":"","sortText":"1"},{"name":"stayAlive","kind":"warning","kindModifiers":"","sortText":"1"},{"name":"stderr","kind":"warning","kindModifiers":"","sortText":"1"},{"name":"stdin","kind":"warning","kindModifiers":"","sortText":"1"},{"name":"stdout","kind":"warning","kindModifiers":"","sortText":"1"},{"name":"str","kind":"warning","kindModifiers":"","sortText":"1"},{"name":"stringify","kind":"warning","kindModifiers":"","sortText":"1"},{"name":"tryJSONParse","kind":"warning","kindModifiers":"","sortText":"1"},{"name":"type","kind":"warning","kindModifiers":"","sortText":"1"},{"name":"write","kind":"warning","kindModifiers":"","sortText":"1"}]}}}
{"level":"info","msg":"got stdin json","fields":{"json":{"arguments":{"tmpfile":"/home/raynos/.config/sublime-text-3/Packages/TypeScript/.tmpbuf0","file":"/home/raynos/projects/jsig/lib/_tsserver.js"},"command":"reload","seq":42,"type":"request"}}}
{"level":"info","msg":"got stdin json","fields":{"json":{"arguments":{"delay":500,"files":["/home/raynos/projects/jsig/lib/_tsserver.js"]},"command":"geterr","seq":43,"type":"request"}}}
{"level":"info","msg":"got stdout response buffer","fields":{"json":{"seq":0,"type":"response","command":"reload","request_seq":42,"success":true}}}
{"level":"info","msg":"got stdout response buffer","fields":{"json":{"seq":0,"type":"response","command":"reload","request_seq":42,"success":true,"body":{"reloadFinished":true}}}}
{"level":"info","msg":"got stdin json","fields":{"json":{"arguments":{"tmpfile":"/home/raynos/.config/sublime-text-3/Packages/TypeScript/.tmpbuf0","file":"/home/raynos/projects/jsig/lib/_tsserver.js"},"command":"reload","seq":44,"type":"request"}}}
{"level":"info","msg":"got stdin json","fields":{"json":{"arguments":{"delay":500,"files":["/home/raynos/projects/jsig/lib/_tsserver.js"]},"command":"geterr","seq":45,"type":"request"}}}
{"level":"info","msg":"got stdout response buffer","fields":{"json":{"seq":0,"type":"response","command":"reload","request_seq":44,"success":true}}}
{"level":"info","msg":"got stdout response buffer","fields":{"json":{"seq":0,"type":"response","command":"reload","request_seq":44,"success":true,"body":{"reloadFinished":true}}}}
{"level":"info","msg":"got stdin json","fields":{"json":{"arguments":{"tmpfile":"/home/raynos/.config/sublime-text-3/Packages/TypeScript/.tmpbuf0","file":"/home/raynos/projects/jsig/lib/_tsserver.js"},"command":"reload","seq":46,"type":"request"}}}
{"level":"info","msg":"got stdin json","fields":{"json":{"arguments":{"delay":500,"files":["/home/raynos/projects/jsig/lib/_tsserver.js"]},"command":"geterr","seq":47,"type":"request"}}}
{"level":"info","msg":"got stdout response buffer","fields":{"json":{"seq":0,"type":"response","command":"reload","request_seq":46,"success":true}}}
{"level":"info","msg":"got stdin json","fields":{"json":{"arguments":{"tmpfile":"/home/raynos/.config/sublime-text-3/Packages/TypeScript/.tmpbuf0","file":"/home/raynos/projects/jsig/lib/_tsserver.js"},"command":"reload","seq":48,"type":"request"}}}
{"level":"info","msg":"got stdin json","fields":{"json":{"arguments":{"delay":500,"files":["/home/raynos/projects/jsig/lib/_tsserver.js"]},"command":"geterr","seq":49,"type":"request"}}}
{"level":"info","msg":"got stdout response buffer","fields":{"json":{"seq":0,"type":"response","command":"reload","request_seq":48,"success":true}}}
{"level":"info","msg":"got stdout response buffer","fields":{"json":{"seq":0,"type":"response","command":"reload","request_seq":48,"success":true,"body":{"reloadFinished":true}}}}
{"level":"info","msg":"got stdin json","fields":{"json":{"arguments":{"line":94,"file":"/home/raynos/projects/jsig/lib/_tsserver.js","endOffset":15,"insertString":"definitions","offset":9,"endLine":94},"command":"change","seq":50,"type":"request"}}}
{"level":"info","msg":"got stdin json","fields":{"json":{"arguments":{"delay":500,"files":["/home/raynos/projects/jsig/lib/_tsserver.js"]},"command":"geterr","seq":51,"type":"request"}}}
{"level":"info","msg":"got stdin json","fields":{"json":{"arguments":{"line":94,"file":"/home/raynos/projects/jsig/lib/_tsserver.js","endOffset":20,"insertString":":","offset":20,"endLine":94},"command":"change","seq":52,"type":"request"}}}
{"level":"info","msg":"got stdin json","fields":{"json":{"arguments":{"delay":500,"files":["/home/raynos/projects/jsig/lib/_tsserver.js"]},"command":"geterr","seq":53,"type":"request"}}}
{"level":"info","msg":"got stdin json","fields":{"json":{"arguments":{"line":94,"file":"/home/raynos/projects/jsig/lib/_tsserver.js","endOffset":21,"insertString":" ","offset":21,"endLine":94},"command":"change","seq":54,"type":"request"}}}
{"level":"info","msg":"got stdin json","fields":{"json":{"arguments":{"delay":500,"files":["/home/raynos/projects/jsig/lib/_tsserver.js"]},"command":"geterr","seq":55,"type":"request"}}}
{"level":"info","msg":"got stdout response buffer","fields":{"json":{"seq":0,"type":"event","event":"syntaxDiag","body":{"file":"/home/raynos/projects/jsig/lib/_tsserver.js","diagnostics":[{"start":{"line":95,"offset":5},"end":{"line":95,"offset":6},"text":"Expression expected."}]}}}}
{"level":"info","msg":"got stdout response buffer","fields":{"json":{"seq":0,"type":"event","event":"semanticDiag","body":{"file":"/home/raynos/projects/jsig/lib/_tsserver.js","diagnostics":[]}}}}
{"level":"info","msg":"got stdin json","fields":{"json":{"arguments":{"filesToSearch":["/home/raynos/projects/jsig/lib/_tsserver.js"],"line":94,"offset":22,"file":"/home/raynos/projects/jsig/lib/_tsserver.js"},"command":"documentHighlights","seq":56,"type":"request"}}}
{"level":"info","msg":"got stdout response buffer","fields":{"json":{"seq":0,"type":"response","command":"documentHighlights","request_seq":56,"success":false,"message":"No content available."}}}
{"level":"info","msg":"got stdin json","fields":{"json":{"arguments":{"file":"/home/raynos/projects/jsig/bin/jsig.js"},"command":"open","seq":57,"type":"request"}}}
{"level":"info","msg":"got stdin json","fields":{"json":{"arguments":{"delay":500,"files":["/home/raynos/projects/jsig/bin/jsig.js"]},"command":"geterr","seq":58,"type":"request"}}}
{"level":"info","msg":"got stdin json","fields":{"json":{"arguments":{"filesToSearch":["/home/raynos/projects/jsig/bin/jsig.js"],"line":1,"offset":1,"file":"/home/raynos/projects/jsig/bin/jsig.js"},"command":"documentHighlights","seq":59,"type":"request"}}}
{"level":"info","msg":"got stdout response buffer","fields":{"json":{"seq":0,"type":"response","command":"documentHighlights","request_seq":59,"success":false,"message":"No content available."}}}
{"level":"info","msg":"got stdin json","fields":{"json":{"arguments":{"filesToSearch":["/home/raynos/projects/jsig/bin/jsig.js"],"line":22,"offset":41,"file":"/home/raynos/projects/jsig/bin/jsig.js"},"command":"documentHighlights","seq":60,"type":"request"}}}
{"level":"info","msg":"got stdout response buffer","fields":{"json":{"seq":0,"type":"response","command":"documentHighlights","request_seq":60,"success":false,"message":"No content available."}}}
{"level":"info","msg":"got stdout response buffer","fields":{"json":{"seq":0,"type":"event","event":"syntaxDiag","body":{"file":"/home/raynos/projects/jsig/bin/jsig.js","diagnostics":[]}}}}
{"level":"info","msg":"got stdout response buffer","fields":{"json":{"seq":0,"type":"event","event":"semanticDiag","body":{"file":"/home/raynos/projects/jsig/bin/jsig.js","diagnostics":[]}}}}
{"level":"info","msg":"got stdin json","fields":{"json":{"arguments":{"line":41,"offset":27,"file":"/home/raynos/projects/jsig/bin/jsig.js"},"command":"quickinfo","seq":61,"type":"request"}}}
{"level":"info","msg":"doing a type check","fields":{}}
{"level":"info","msg":"about to run type checker","fields":{}}
{"level":"warn","msg":"ran a check","fields":{"fileName":"/home/raynos/projects/jsig/bin/jsig.js","errorCount":537}}
{"level":"info","msg":"got stdin json","fields":{"json":{"arguments":{"filesToSearch":["/home/raynos/projects/jsig/bin/jsig.js"],"line":41,"offset":27,"file":"/home/raynos/projects/jsig/bin/jsig.js"},"command":"documentHighlights","seq":62,"type":"request"}}}
{"level":"info","msg":"got stdout response buffer","fields":{"json":{"seq":0,"type":"response","command":"quickinfo","request_seq":61,"success":false,"message":"No content available."}}}
{"level":"info","msg":"got stdout response buffer","fields":{"json":{"seq":0,"type":"response","command":"documentHighlights","request_seq":62,"success":false,"message":"No content available."}}}
{"level":"info","msg":"got stdin json","fields":{"json":{"arguments":{"line":88,"offset":9,"file":"/home/raynos/projects/jsig/bin/jsig.js"},"command":"quickinfo","seq":63,"type":"request"}}}
{"level":"info","msg":"doing a type check","fields":{}}
{"level":"info","msg":"about to run type checker","fields":{}}
{"level":"warn","msg":"ran a check","fields":{"fileName":"/home/raynos/projects/jsig/bin/jsig.js","errorCount":537}}
{"level":"info","msg":"got stdin json","fields":{"json":{"arguments":{"filesToSearch":["/home/raynos/projects/jsig/bin/jsig.js"],"line":88,"offset":9,"file":"/home/raynos/projects/jsig/bin/jsig.js"},"command":"documentHighlights","seq":64,"type":"request"}}}
{"level":"info","msg":"got stdout response buffer","fields":{"json":{"seq":0,"type":"response","command":"quickinfo","request_seq":63,"success":true,"body":{"kind":"property","kindModifiers":"","start":{"line":88,"offset":9},"end":{"line":88,"offset":20},"displayString":"(property) definitions: any","documentation":""}}}}
{"level":"info","msg":"got stdout response buffer","fields":{"json":{"seq":0,"type":"response","command":"documentHighlights","request_seq":64,"success":true,"body":[{"file":"/home/raynos/projects/jsig/bin/jsig.js","highlightSpans":[{"start":{"line":88,"offset":9},"end":{"line":88,"offset":20},"kind":"writtenReference"}]}]}}}
{"level":"info","msg":"got stdin json","fields":{"json":{"arguments":{"delay":500,"files":["/home/raynos/projects/jsig/lib/_tsserver.js"]},"command":"geterr","seq":65,"type":"request"}}}
{"level":"info","msg":"got stdin json","fields":{"json":{"arguments":{"filesToSearch":["/home/raynos/projects/jsig/lib/_tsserver.js"],"line":94,"offset":22,"file":"/home/raynos/projects/jsig/lib/_tsserver.js"},"command":"documentHighlights","seq":66,"type":"request"}}}
{"level":"info","msg":"got stdout response buffer","fields":{"json":{"seq":0,"type":"response","command":"documentHighlights","request_seq":66,"success":false,"message":"No content available."}}}
{"level":"info","msg":"got stdout response buffer","fields":{"json":{"seq":0,"type":"event","event":"syntaxDiag","body":{"file":"/home/raynos/projects/jsig/lib/_tsserver.js","diagnostics":[{"start":{"line":95,"offset":5},"end":{"line":95,"offset":6},"text":"Expression expected."}]}}}}
{"level":"info","msg":"got stdout response buffer","fields":{"json":{"seq":0,"type":"event","event":"semanticDiag","body":{"file":"/home/raynos/projects/jsig/lib/_tsserver.js","diagnostics":[]}}}}
{"level":"info","msg":"got stdin json","fields":{"json":{"arguments":{"tmpfile":"/home/raynos/.config/sublime-text-3/Packages/TypeScript/.tmpbuf0","file":"/home/raynos/projects/jsig/lib/_tsserver.js"},"command":"reload","seq":67,"type":"request"}}}
{"level":"info","msg":"got stdout response buffer","fields":{"json":{"seq":0,"type":"response","command":"reload","request_seq":67,"success":true}}}
{"level":"info","msg":"got stdout response buffer","fields":{"json":{"seq":0,"type":"response","command":"reload","request_seq":67,"success":true,"body":{"reloadFinished":true}}}}
{"level":"info","msg":"got stdin json","fields":{"json":{"arguments":{"delay":500,"files":["/home/raynos/projects/jsig/lib/_tsserver.js"]},"command":"geterr","seq":68,"type":"request"}}}
{"level":"info","msg":"got stdin json","fields":{"json":{"arguments":{"line":94,"file":"/home/raynos/projects/jsig/lib/_tsserver.js","endOffset":23,"insertString":"~","offset":23,"endLine":94},"command":"change","seq":69,"type":"request"}}}
{"level":"info","msg":"got stdin json","fields":{"json":{"arguments":{"delay":500,"files":["/home/raynos/projects/jsig/lib/_tsserver.js"]},"command":"geterr","seq":70,"type":"request"}}}
{"level":"info","msg":"got stdin json","fields":{"json":{"arguments":{"line":94,"file":"/home/raynos/projects/jsig/lib/_tsserver.js","endOffset":24,"insertString":"/","offset":24,"endLine":94},"command":"change","seq":71,"type":"request"}}}
{"level":"info","msg":"got stdin json","fields":{"json":{"arguments":{"delay":500,"files":["/home/raynos/projects/jsig/lib/_tsserver.js"]},"command":"geterr","seq":72,"type":"request"}}}
{"level":"info","msg":"got stdin json","fields":{"json":{"arguments":{"line":94,"file":"/home/raynos/projects/jsig/lib/_tsserver.js","endOffset":25,"insertString":"p","offset":25,"endLine":94},"command":"change","seq":73,"type":"request"}}}
{"level":"info","msg":"got stdin json","fields":{"json":{"arguments":{"line":94,"offset":26,"file":"/home/raynos/projects/jsig/lib/_tsserver.js","prefix":"p"},"command":"completions","seq":74,"type":"request"}}}
{"level":"info","msg":"got stdout response buffer","fields":{"json":{"seq":0,"type":"response","command":"completions","request_seq":74,"success":false,"message":"No content available."}}}
{"level":"info","msg":"got stdin json","fields":{"json":{"arguments":{"delay":500,"files":["/home/raynos/projects/jsig/lib/_tsserver.js"]},"command":"geterr","seq":75,"type":"request"}}}
{"level":"info","msg":"got stdin json","fields":{"json":{"arguments":{"line":94,"file":"/home/raynos/projects/jsig/lib/_tsserver.js","endOffset":26,"insertString":"r","offset":26,"endLine":94},"command":"change","seq":76,"type":"request"}}}
{"level":"info","msg":"got stdin json","fields":{"json":{"arguments":{"delay":500,"files":["/home/raynos/projects/jsig/lib/_tsserver.js"]},"command":"geterr","seq":77,"type":"request"}}}
{"level":"info","msg":"got stdin json","fields":{"json":{"arguments":{"line":94,"file":"/home/raynos/projects/jsig/lib/_tsserver.js","endOffset":27,"insertString":"o","offset":27,"endLine":94},"command":"change","seq":78,"type":"request"}}}
{"level":"info","msg":"got stdin json","fields":{"json":{"arguments":{"delay":500,"files":["/home/raynos/projects/jsig/lib/_tsserver.js"]},"command":"geterr","seq":79,"type":"request"}}}
{"level":"info","msg":"got stdin json","fields":{"json":{"arguments":{"line":94,"file":"/home/raynos/projects/jsig/lib/_tsserver.js","endOffset":28,"insertString":"j","offset":28,"endLine":94},"command":"change","seq":80,"type":"request"}}}
{"level":"info","msg":"got stdin json","fields":{"json":{"arguments":{"delay":500,"files":["/home/raynos/projects/jsig/lib/_tsserver.js"]},"command":"geterr","seq":81,"type":"request"}}}
{"level":"info","msg":"got stdin json","fields":{"json":{"arguments":{"line":94,"file":"/home/raynos/projects/jsig/lib/_tsserver.js","endOffset":29,"insertString":"e","offset":29,"endLine":94},"command":"change","seq":82,"type":"request"}}}
{"level":"info","msg":"got stdin json","fields":{"json":{"arguments":{"line":94,"file":"/home/raynos/projects/jsig/lib/_tsserver.js","endOffset":30,"insertString":"c","offset":30,"endLine":94},"command":"change","seq":83,"type":"request"}}}
{"level":"info","msg":"got stdin json","fields":{"json":{"arguments":{"delay":500,"files":["/home/raynos/projects/jsig/lib/_tsserver.js"]},"command":"geterr","seq":84,"type":"request"}}}
{"level":"info","msg":"got stdin json","fields":{"json":{"arguments":{"line":94,"file":"/home/raynos/projects/jsig/lib/_tsserver.js","endOffset":31,"insertString":"t","offset":31,"endLine":94},"command":"change","seq":85,"type":"request"}}}
{"level":"info","msg":"got stdin json","fields":{"json":{"arguments":{"line":94,"file":"/home/raynos/projects/jsig/lib/_tsserver.js","endOffset":32,"insertString":"s","offset":32,"endLine":94},"command":"change","seq":86,"type":"request"}}}
{"level":"info","msg":"got stdin json","fields":{"json":{"arguments":{"delay":500,"files":["/home/raynos/projects/jsig/lib/_tsserver.js"]},"command":"geterr","seq":87,"type":"request"}}}
{"level":"info","msg":"got stdin json","fields":{"json":{"arguments":{"line":94,"file":"/home/raynos/projects/jsig/lib/_tsserver.js","endOffset":33,"insertString":"/","offset":33,"endLine":94},"command":"change","seq":88,"type":"request"}}}
{"level":"info","msg":"got stdin json","fields":{"json":{"arguments":{"delay":500,"files":["/home/raynos/projects/jsig/lib/_tsserver.js"]},"command":"geterr","seq":89,"type":"request"}}}
{"level":"info","msg":"got stdout response buffer","fields":{"json":{"seq":0,"type":"event","event":"syntaxDiag","body":{"file":"/home/raynos/projects/jsig/lib/_tsserver.js","diagnostics":[]}}}}
{"level":"info","msg":"got stdout response buffer","fields":{"json":{"seq":0,"type":"event","event":"semanticDiag","body":{"file":"/home/raynos/projects/jsig/lib/_tsserver.js","diagnostics":[]}}}}
{"level":"info","msg":"got stdin json","fields":{"json":{"arguments":{"filesToSearch":["/home/raynos/projects/jsig/lib/_tsserver.js"],"line":94,"offset":34,"file":"/home/raynos/projects/jsig/lib/_tsserver.js"},"command":"documentHighlights","seq":90,"type":"request"}}}
{"level":"info","msg":"got stdout response buffer","fields":{"json":{"seq":0,"type":"response","command":"documentHighlights","request_seq":90,"success":false,"message":"No content available."}}}
{"level":"info","msg":"got stdin json","fields":{"json":{"arguments":{"line":94,"file":"/home/raynos/projects/jsig/lib/_tsserver.js","endOffset":34,"insertString":"","offset":33,"endLine":94},"command":"change","seq":91,"type":"request"}}}
{"level":"info","msg":"got stdin json","fields":{"json":{"arguments":{"delay":500,"files":["/home/raynos/projects/jsig/lib/_tsserver.js"]},"command":"geterr","seq":92,"type":"request"}}}
{"level":"info","msg":"got stdin json","fields":{"json":{"arguments":{"line":94,"file":"/home/raynos/projects/jsig/lib/_tsserver.js","endOffset":33,"insertString":"","offset":32,"endLine":94},"command":"change","seq":93,"type":"request"}}}
{"level":"info","msg":"got stdin json","fields":{"json":{"arguments":{"line":94,"file":"/home/raynos/projects/jsig/lib/_tsserver.js","endOffset":32,"insertString":"","offset":31,"endLine":94},"command":"change","seq":94,"type":"request"}}}
{"level":"info","msg":"got stdin json","fields":{"json":{"arguments":{"line":94,"file":"/home/raynos/projects/jsig/lib/_tsserver.js","endOffset":31,"insertString":"","offset":30,"endLine":94},"command":"change","seq":95,"type":"request"}}}
{"level":"info","msg":"got stdin json","fields":{"json":{"arguments":{"line":94,"file":"/home/raynos/projects/jsig/lib/_tsserver.js","endOffset":30,"insertString":"","offset":29,"endLine":94},"command":"change","seq":96,"type":"request"}}}
{"level":"info","msg":"got stdin json","fields":{"json":{"arguments":{"line":94,"file":"/home/raynos/projects/jsig/lib/_tsserver.js","endOffset":29,"insertString":"","offset":28,"endLine":94},"command":"change","seq":97,"type":"request"}}}
{"level":"info","msg":"got stdin json","fields":{"json":{"arguments":{"line":94,"file":"/home/raynos/projects/jsig/lib/_tsserver.js","endOffset":28,"insertString":"","offset":27,"endLine":94},"command":"change","seq":98,"type":"request"}}}
{"level":"info","msg":"got stdin json","fields":{"json":{"arguments":{"line":94,"file":"/home/raynos/projects/jsig/lib/_tsserver.js","endOffset":27,"insertString":"","offset":26,"endLine":94},"command":"change","seq":99,"type":"request"}}}
{"level":"info","msg":"got stdin json","fields":{"json":{"arguments":{"line":94,"file":"/home/raynos/projects/jsig/lib/_tsserver.js","endOffset":26,"insertString":"","offset":25,"endLine":94},"command":"change","seq":100,"type":"request"}}}
{"level":"info","msg":"got stdin json","fields":{"json":{"arguments":{"line":94,"file":"/home/raynos/projects/jsig/lib/_tsserver.js","endOffset":25,"insertString":"","offset":24,"endLine":94},"command":"change","seq":101,"type":"request"}}}
{"level":"info","msg":"got stdin json","fields":{"json":{"arguments":{"line":94,"file":"/home/raynos/projects/jsig/lib/_tsserver.js","endOffset":24,"insertString":"","offset":23,"endLine":94},"command":"change","seq":102,"type":"request"}}}
{"level":"info","msg":"got stdin json","fields":{"json":{"arguments":{"delay":500,"files":["/home/raynos/projects/jsig/lib/_tsserver.js"]},"command":"geterr","seq":103,"type":"request"}}}
{"level":"info","msg":"got stdin json","fields":{"json":{"arguments":{"tmpfile":"/home/raynos/.config/sublime-text-3/Packages/TypeScript/.tmpbuf0","file":"/home/raynos/projects/jsig/lib/_tsserver.js"},"command":"reload","seq":104,"type":"request"}}}
{"level":"info","msg":"got stdout response buffer","fields":{"json":{"seq":0,"type":"response","command":"reload","request_seq":104,"success":true}}}
{"level":"info","msg":"got stdout response buffer","fields":{"json":{"seq":0,"type":"response","command":"reload","request_seq":104,"success":true,"body":{"reloadFinished":true}}}}
{"level":"info","msg":"got stdin json","fields":{"json":{"arguments":{"delay":500,"files":["/home/raynos/projects/jsig/lib/_tsserver.js"]},"command":"geterr","seq":105,"type":"request"}}}
{"level":"info","msg":"got stdin json","fields":{"json":{"arguments":{"line":94,"file":"/home/raynos/projects/jsig/lib/_tsserver.js","endOffset":22,"insertString":"p","offset":22,"endLine":94},"command":"change","seq":106,"type":"request"}}}
{"level":"info","msg":"got stdin json","fields":{"json":{"arguments":{"line":94,"offset":23,"file":"/home/raynos/projects/jsig/lib/_tsserver.js","prefix":"p"},"command":"completions","seq":107,"type":"request"}}}
{"level":"info","msg":"got stdout response buffer","fields":{"json":{"seq":0,"type":"response","command":"completions","request_seq":107,"success":true,"body":[{"name":"PageTransitionEvent","kind":"interface","kindModifiers":"declare","sortText":"0"},{"name":"PannerNode","kind":"interface","kindModifiers":"declare","sortText":"0"},{"name":"ParameterDecorator","kind":"type","kindModifiers":"declare","sortText":"0"},{"name":"PerfWidgetExternal","kind":"interface","kindModifiers":"declare","sortText":"0"},{"name":"Performance","kind":"interface","kindModifiers":"declare","sortText":"0"},{"name":"PerformanceEntry","kind":"interface","kindModifiers":"declare","sortText":"0"},{"name":"PerformanceMark","kind":"interface","kindModifiers":"declare","sortText":"0"},{"name":"PerformanceMeasure","kind":"interface","kindModifiers":"declare","sortText":"0"},{"name":"PerformanceNavigation","kind":"interface","kindModifiers":"declare","sortText":"0"},{"name":"PerformanceNavigationTiming","kind":"interface","kindModifiers":"declare","sortText":"0"},{"name":"PerformanceResourceTiming","kind":"interface","kindModifiers":"declare","sortText":"0"},{"name":"PerformanceTiming","kind":"interface","kindModifiers":"declare","sortText":"0"},{"name":"PeriodicWave","kind":"interface","kindModifiers":"declare","sortText":"0"},{"name":"PeriodicWaveConstraints","kind":"interface","kindModifiers":"declare","sortText":"0"},{"name":"PermissionRequest","kind":"interface","kindModifiers":"declare","sortText":"0"},{"name":"PermissionRequestedEvent","kind":"interface","kindModifiers":"declare","sortText":"0"},{"name":"Plugin","kind":"interface","kindModifiers":"declare","sortText":"0"},{"name":"PluginArray","kind":"interface","kindModifiers":"declare","sortText":"0"},{"name":"PointerEvent","kind":"interface","kindModifiers":"declare","sortText":"0"},{"name":"PointerEventInit","kind":"interface","kindModifiers":"declare","sortText":"0"},{"name":"PopStateEvent","kind":"interface","kindModifiers":"declare","sortText":"0"},{"name":"Position","kind":"interface","kindModifiers":"declare","sortText":"0"},{"name":"PositionCallback","kind":"interface","kindModifiers":"declare","sortText":"0"},{"name":"PositionError","kind":"interface","kindModifiers":"declare","sortText":"0"},{"name":"PositionErrorCallback","kind":"interface","kindModifiers":"declare","sortText":"0"},{"name":"PositionOptions","kind":"interface","kindModifiers":"declare","sortText":"0"},{"name":"ProcessingInstruction","kind":"interface","kindModifiers":"declare","sortText":"0"},{"name":"ProgressEvent","kind":"interface","kindModifiers":"declare","sortText":"0"},{"name":"ProgressEventInit","kind":"interface","kindModifiers":"declare","sortText":"0"},{"name":"PromiseConstructorLike","kind":"type","kindModifiers":"declare","sortText":"0"},{"name":"PromiseLike","kind":"interface","kindModifiers":"declare","sortText":"0"},{"name":"PropertyDecorator","kind":"type","kindModifiers":"declare","sortText":"0"},{"name":"PropertyDescriptor","kind":"interface","kindModifiers":"declare","sortText":"0"},{"name":"PropertyDescriptorMap","kind":"interface","kindModifiers":"declare","sortText":"0"},{"name":"package","kind":"keyword","kindModifiers":"","sortText":"0"},{"name":"pageXOffset","kind":"var","kindModifiers":"declare","sortText":"0"},{"name":"pageYOffset","kind":"var","kindModifiers":"declare","sortText":"0"},{"name":"parent","kind":"var","kindModifiers":"declare","sortText":"0"},{"name":"parse","kind":"warning","kindModifiers":"","sortText":"1"},{"name":"parseFloat","kind":"function","kindModifiers":"declare","sortText":"0"},{"name":"parseInt","kind":"function","kindModifiers":"declare","sortText":"0"},{"name":"path","kind":"var","kindModifiers":"","sortText":"0"},{"name":"payloadtype","kind":"type","kindModifiers":"declare","sortText":"0"},{"name":"performance","kind":"var","kindModifiers":"declare","sortText":"0"},{"name":"personalbar","kind":"var","kindModifiers":"declare","sortText":"0"},{"name":"postMessage","kind":"function","kindModifiers":"declare","sortText":"0"},{"name":"print","kind":"function","kindModifiers":"declare","sortText":"0"},{"name":"private","kind":"keyword","kindModifiers":"","sortText":"0"},{"name":"proc","kind":"warning","kindModifiers":"","sortText":"1"},{"name":"process","kind":"var","kindModifiers":"","sortText":"0"},{"name":"prompt","kind":"function","kindModifiers":"declare","sortText":"0"},{"name":"protected","kind":"keyword","kindModifiers":"","sortText":"0"},{"name":"prototype","kind":"warning","kindModifiers":"","sortText":"1"},{"name":"proxy","kind":"warning","kindModifiers":"","sortText":"1"},{"name":"public","kind":"keyword","kindModifiers":"","sortText":"0"}]}}}
{"level":"info","msg":"got stdin json","fields":{"json":{"arguments":{"delay":500,"files":["/home/raynos/projects/jsig/lib/_tsserver.js"]},"command":"geterr","seq":108,"type":"request"}}}
{"level":"info","msg":"got stdin json","fields":{"json":{"arguments":{"line":94,"file":"/home/raynos/projects/jsig/lib/_tsserver.js","endOffset":23,"insertString":"a","offset":23,"endLine":94},"command":"change","seq":109,"type":"request"}}}
{"level":"info","msg":"got stdin json","fields":{"json":{"arguments":{"line":94,"file":"/home/raynos/projects/jsig/lib/_tsserver.js","endOffset":24,"insertString":"t","offset":24,"endLine":94},"command":"change","seq":110,"type":"request"}}}
{"level":"info","msg":"got stdin json","fields":{"json":{"arguments":{"line":94,"file":"/home/raynos/projects/jsig/lib/_tsserver.js","endOffset":25,"insertString":"h","offset":25,"endLine":94},"command":"change","seq":111,"type":"request"}}}
{"level":"info","msg":"got stdin json","fields":{"json":{"arguments":{"delay":500,"files":["/home/raynos/projects/jsig/lib/_tsserver.js"]},"command":"geterr","seq":112,"type":"request"}}}
{"level":"info","msg":"got stdin json","fields":{"json":{"arguments":{"line":94,"file":"/home/raynos/projects/jsig/lib/_tsserver.js","endOffset":26,"insertString":".","offset":26,"endLine":94},"command":"change","seq":113,"type":"request"}}}
{"level":"info","msg":"got stdin json","fields":{"json":{"arguments":{"delay":500,"files":["/home/raynos/projects/jsig/lib/_tsserver.js"]},"command":"geterr","seq":114,"type":"request"}}}
{"level":"info","msg":"got stdin json","fields":{"json":{"arguments":{"line":94,"file":"/home/raynos/projects/jsig/lib/_tsserver.js","endOffset":27,"insertString":"j","offset":27,"endLine":94},"command":"change","seq":115,"type":"request"}}}
{"level":"info","msg":"got stdin json","fields":{"json":{"arguments":{"line":94,"offset":28,"file":"/home/raynos/projects/jsig/lib/_tsserver.js","prefix":"j"},"command":"completions","seq":116,"type":"request"}}}
{"level":"info","msg":"got stdout response buffer","fields":{"json":{"seq":0,"type":"response","command":"completions","request_seq":116,"success":true,"body":[{"name":"INFO","kind":"warning","kindModifiers":"","sortText":"1"},{"name":"JSON","kind":"warning","kindModifiers":"","sortText":"1"},{"name":"SocketInspector","kind":"warning","kindModifiers":"","sortText":"1"},{"name":"TS_SERVER","kind":"warning","kindModifiers":"","sortText":"1"},{"name":"TypeCheckBinary","kind":"warning","kindModifiers":"","sortText":"1"},{"name":"TypeScriptProxy","kind":"warning","kindModifiers":"","sortText":"1"},{"name":"WARN","kind":"warning","kindModifiers":"","sortText":"1"},{"name":"_","kind":"warning","kindModifiers":"","sortText":"1"},{"name":"___dirname","kind":"warning","kindModifiers":"","sortText":"1"},{"name":"args","kind":"warning","kindModifiers":"","sortText":"1"},{"name":"arguments","kind":"warning","kindModifiers":"","sortText":"1"},{"name":"bin","kind":"warning","kindModifiers":"","sortText":"1"},{"name":"buf","kind":"warning","kindModifiers":"","sortText":"1"},{"name":"checker","kind":"warning","kindModifiers":"","sortText":"1"},{"name":"childProcess","kind":"warning","kindModifiers":"","sortText":"1"},{"name":"code","kind":"warning","kindModifiers":"","sortText":"1"},{"name":"command","kind":"warning","kindModifiers":"","sortText":"1"},{"name":"console","kind":"warning","kindModifiers":"","sortText":"1"},{"name":"createWriteStream","kind":"warning","kindModifiers":"","sortText":"1"},{"name":"definitions","kind":"warning","kindModifiers":"","sortText":"1"},{"name":"enable","kind":"warning","kindModifiers":"","sortText":"1"},{"name":"end","kind":"warning","kindModifiers":"","sortText":"1"},{"name":"err","kind":"warning","kindModifiers":"","sortText":"1"},{"name":"error","kind":"warning","kindModifiers":"","sortText":"1"},{"name":"errorCount","kind":"warning","kindModifiers":"","sortText":"1"},{"name":"errors","kind":"warning","kindModifiers":"","sortText":"1"},{"name":"exit","kind":"warning","kindModifiers":"","sortText":"1"},{"name":"fields","kind":"warning","kindModifiers":"","sortText":"1"},{"name":"file","kind":"warning","kindModifiers":"","sortText":"1"},{"name":"fileName","kind":"warning","kindModifiers":"","sortText":"1"},{"name":"flushDelay","kind":"warning","kindModifiers":"","sortText":"1"},{"name":"fs","kind":"warning","kindModifiers":"","sortText":"1"},{"name":"global","kind":"warning","kindModifiers":"","sortText":"1"},{"name":"handleStdin","kind":"warning","kindModifiers":"","sortText":"1"},{"name":"handleStdout","kind":"warning","kindModifiers":"","sortText":"1"},{"name":"indexOf","kind":"warning","kindModifiers":"","sortText":"1"},{"name":"info","kind":"warning","kindModifiers":"","sortText":"1"},{"name":"inspector","kind":"warning","kindModifiers":"","sortText":"1"},{"name":"join","kind":"warning","kindModifiers":"","sortText":"1"},{"name":"json","kind":"warning","kindModifiers":"","sortText":"1"},{"name":"length","kind":"warning","kindModifiers":"","sortText":"1"},{"name":"level","kind":"warning","kindModifiers":"","sortText":"1"},{"name":"line","kind":"warning","kindModifiers":"","sortText":"1"},{"name":"lines","kind":"warning","kindModifiers":"","sortText":"1"},{"name":"log","kind":"warning","kindModifiers":"","sortText":"1"},{"name":"logFile","kind":"warning","kindModifiers":"","sortText":"1"},{"name":"logStream","kind":"warning","kindModifiers":"","sortText":"1"},{"name":"logger","kind":"warning","kindModifiers":"","sortText":"1"},{"name":"main","kind":"warning","kindModifiers":"","sortText":"1"},{"name":"message","kind":"warning","kindModifiers":"","sortText":"1"},{"name":"msg","kind":"warning","kindModifiers":"","sortText":"1"},{"name":"noop","kind":"warning","kindModifiers":"","sortText":"1"},{"name":"obj","kind":"warning","kindModifiers":"","sortText":"1"},{"name":"on","kind":"warning","kindModifiers":"","sortText":"1"},{"name":"onClose","kind":"warning","kindModifiers":"","sortText":"1"},{"name":"onData","kind":"warning","kindModifiers":"","sortText":"1"},{"name":"onEnd","kind":"warning","kindModifiers":"","sortText":"1"},{"name":"onExit","kind":"warning","kindModifiers":"","sortText":"1"},{"name":"oops","kind":"warning","kindModifiers":"","sortText":"1"},{"name":"parse","kind":"warning","kindModifiers":"","sortText":"1"},{"name":"path","kind":"warning","kindModifiers":"","sortText":"1"},{"name":"proc","kind":"warning","kindModifiers":"","sortText":"1"},{"name":"process","kind":"warning","kindModifiers":"","sortText":"1"},{"name":"prototype","kind":"warning","kindModifiers":"","sortText":"1"},{"name":"proxy","kind":"warning","kindModifiers":"","sortText":"1"},{"name":"quickInfo","kind":"warning","kindModifiers":"","sortText":"1"},{"name":"require","kind":"warning","kindModifiers":"","sortText":"1"},{"name":"res","kind":"warning","kindModifiers":"","sortText":"1"},{"name":"run","kind":"warning","kindModifiers":"","sortText":"1"},{"name":"self","kind":"warning","kindModifiers":"","sortText":"1"},{"name":"seq","kind":"warning","kindModifiers":"","sortText":"1"},{"name":"seqId","kind":"warning","kindModifiers":"","sortText":"1"},{"name":"setInterval","kind":"warning","kindModifiers":"","sortText":"1"},{"name":"setTimeout","kind":"warning","kindModifiers":"","sortText":"1"},{"name":"spawn","kind":"warning","kindModifiers":"","sortText":"1"},{"name":"split","kind":"warning","kindModifiers":"","sortText":"1"},{"name":"stack","kind":"warning","kindModifiers":"","sortText":"1"},{"name":"stayAlive","kind":"warning","kindModifiers":"","sortText":"1"},{"name":"stderr","kind":"warning","kindModifiers":"","sortText":"1"},{"name":"stdin","kind":"warning","kindModifiers":"","sortText":"1"},{"name":"stdout","kind":"warning","kindModifiers":"","sortText":"1"},{"name":"str","kind":"warning","kindModifiers":"","sortText":"1"},{"name":"stringify","kind":"warning","kindModifiers":"","sortText":"1"},{"name":"tryJSONParse","kind":"warning","kindModifiers":"","sortText":"1"},{"name":"type","kind":"warning","kindModifiers":"","sortText":"1"},{"name":"write","kind":"warning","kindModifiers":"","sortText":"1"}]}}}
{"level":"info","msg":"got stdin json","fields":{"json":{"arguments":{"line":94,"file":"/home/raynos/projects/jsig/lib/_tsserver.js","endOffset":28,"insertString":"o","offset":28,"endLine":94},"command":"change","seq":117,"type":"request"}}}
{"level":"info","msg":"got stdin json","fields":{"json":{"arguments":{"delay":500,"files":["/home/raynos/projects/jsig/lib/_tsserver.js"]},"command":"geterr","seq":118,"type":"request"}}}
{"level":"info","msg":"got stdin json","fields":{"json":{"arguments":{"line":94,"file":"/home/raynos/projects/jsig/lib/_tsserver.js","endOffset":29,"insertString":"i","offset":29,"endLine":94},"command":"change","seq":119,"type":"request"}}}
{"level":"info","msg":"got stdin json","fields":{"json":{"arguments":{"line":94,"file":"/home/raynos/projects/jsig/lib/_tsserver.js","endOffset":30,"insertString":"n","offset":30,"endLine":94},"command":"change","seq":120,"type":"request"}}}
{"level":"info","msg":"got stdin json","fields":{"json":{"arguments":{"delay":500,"files":["/home/raynos/projects/jsig/lib/_tsserver.js"]},"command":"geterr","seq":121,"type":"request"}}}
{"level":"info","msg":"got stdin json","fields":{"json":{"arguments":{"tmpfile":"/home/raynos/.config/sublime-text-3/Packages/TypeScript/.tmpbuf0","file":"/home/raynos/projects/jsig/lib/_tsserver.js"},"command":"reload","seq":122,"type":"request"}}}
{"level":"info","msg":"got stdout response buffer","fields":{"json":{"seq":0,"type":"response","command":"reload","request_seq":122,"success":true}}}
{"level":"info","msg":"got stdout response buffer","fields":{"json":{"seq":0,"type":"response","command":"reload","request_seq":122,"success":true,"body":{"reloadFinished":true}}}}
{"level":"info","msg":"got stdin json","fields":{"json":{"arguments":{"delay":500,"files":["/home/raynos/projects/jsig/lib/_tsserver.js"]},"command":"geterr","seq":123,"type":"request"}}}
{"level":"info","msg":"got stdin json","fields":{"json":{"arguments":{"line":94,"file":"/home/raynos/projects/jsig/lib/_tsserver.js","endOffset":32,"insertString":"_","offset":32,"endLine":94},"command":"change","seq":124,"type":"request"}}}
{"level":"info","msg":"got stdin json","fields":{"json":{"arguments":{"line":94,"offset":33,"file":"/home/raynos/projects/jsig/lib/_tsserver.js","prefix":"_"},"command":"completions","seq":125,"type":"request"}}}
{"level":"info","msg":"got stdout response buffer","fields":{"json":{"seq":0,"type":"response","command":"completions","request_seq":125,"success":true,"body":[{"name":"_","kind":"warning","kindModifiers":"","sortText":"1"},{"name":"___dirname","kind":"warning","kindModifiers":"","sortText":"1"}]}}}
{"level":"info","msg":"got stdin json","fields":{"json":{"arguments":{"delay":500,"files":["/home/raynos/projects/jsig/lib/_tsserver.js"]},"command":"geterr","seq":126,"type":"request"}}}
{"level":"info","msg":"got stdin json","fields":{"json":{"arguments":{"line":94,"file":"/home/raynos/projects/jsig/lib/_tsserver.js","endOffset":33,"insertString":"_","offset":33,"endLine":94},"command":"change","seq":127,"type":"request"}}}
{"level":"info","msg":"got stdin json","fields":{"json":{"arguments":{"delay":500,"files":["/home/raynos/projects/jsig/lib/_tsserver.js"]},"command":"geterr","seq":128,"type":"request"}}}
{"level":"info","msg":"got stdin json","fields":{"json":{"arguments":{"line":94,"file":"/home/raynos/projects/jsig/lib/_tsserver.js","endOffset":34,"insertString":"___dirname","offset":32,"endLine":94},"command":"change","seq":129,"type":"request"}}}
{"level":"info","msg":"got stdout response buffer","fields":{"json":{"seq":0,"type":"event","event":"syntaxDiag","body":{"file":"/home/raynos/projects/jsig/lib/_tsserver.js","diagnostics":[]}}}}
{"level":"info","msg":"got stdout response buffer","fields":{"json":{"seq":0,"type":"event","event":"semanticDiag","body":{"file":"/home/raynos/projects/jsig/lib/_tsserver.js","diagnostics":[]}}}}
{"level":"info","msg":"got stdin json","fields":{"json":{"arguments":{"delay":500,"files":["/home/raynos/projects/jsig/lib/_tsserver.js"]},"command":"geterr","seq":130,"type":"request"}}}
{"level":"info","msg":"got stdin json","fields":{"json":{"arguments":{"line":94,"file":"/home/raynos/projects/jsig/lib/_tsserver.js","endOffset":42,"insertString":",","offset":42,"endLine":94},"command":"change","seq":131,"type":"request"}}}
{"level":"info","msg":"got stdin json","fields":{"json":{"arguments":{"delay":500,"files":["/home/raynos/projects/jsig/lib/_tsserver.js"]},"command":"geterr","seq":132,"type":"request"}}}
{"level":"info","msg":"got stdin json","fields":{"json":{"arguments":{"line":94,"file":"/home/raynos/projects/jsig/lib/_tsserver.js","endOffset":43,"insertString":" ","offset":43,"endLine":94},"command":"change","seq":133,"type":"request"}}}
{"level":"info","msg":"got stdin json","fields":{"json":{"arguments":{"delay":500,"files":["/home/raynos/projects/jsig/lib/_tsserver.js"]},"command":"geterr","seq":134,"type":"request"}}}
{"level":"info","msg":"got stdin json","fields":{"json":{"arguments":{"tmpfile":"/home/raynos/.config/sublime-text-3/Packages/TypeScript/.tmpbuf0","file":"/home/raynos/projects/jsig/lib/_tsserver.js"},"command":"reload","seq":135,"type":"request"}}}
{"level":"info","msg":"got stdout response buffer","fields":{"json":{"seq":0,"type":"response","command":"reload","request_seq":135,"success":true}}}
{"level":"info","msg":"got stdout response buffer","fields":{"json":{"seq":0,"type":"response","command":"reload","request_seq":135,"success":true,"body":{"reloadFinished":true}}}}
{"level":"info","msg":"got stdin json","fields":{"json":{"arguments":{"delay":500,"files":["/home/raynos/projects/jsig/lib/_tsserver.js"]},"command":"geterr","seq":136,"type":"request"}}}
{"level":"info","msg":"got stdout response buffer","fields":{"json":{"seq":0,"type":"event","event":"syntaxDiag","body":{"file":"/home/raynos/projects/jsig/lib/_tsserver.js","diagnostics":[]}}}}
{"level":"info","msg":"got stdout response buffer","fields":{"json":{"seq":0,"type":"event","event":"semanticDiag","body":{"file":"/home/raynos/projects/jsig/lib/_tsserver.js","diagnostics":[]}}}}
{"level":"info","msg":"got stdin json","fields":{"json":{"arguments":{"line":94,"offset":33,"file":"/home/raynos/projects/jsig/lib/_tsserver.js"},"command":"quickinfo","seq":137,"type":"request"}}}
{"level":"info","msg":"doing a type check","fields":{}}
{"level":"info","msg":"about to run type checker","fields":{}}
{"level":"warn","msg":"ran a check","fields":{"fileName":"/home/raynos/projects/jsig/lib/_tsserver.js","errorCount":577}}
{"level":"info","msg":"got stdin json","fields":{"json":{"arguments":{"filesToSearch":["/home/raynos/projects/jsig/lib/_tsserver.js"],"line":94,"offset":33,"file":"/home/raynos/projects/jsig/lib/_tsserver.js"},"command":"documentHighlights","seq":138,"type":"request"}}}
{"level":"info","msg":"got stdout response buffer","fields":{"json":{"seq":0,"type":"response","command":"quickinfo","request_seq":137,"success":true,"body":{"kind":"","kindModifiers":"","start":{"line":94,"offset":32},"end":{"line":94,"offset":42},"displayString":"any","documentation":""}}}}
{"level":"info","msg":"got stdout response buffer","fields":{"json":{"seq":0,"type":"response","command":"documentHighlights","request_seq":138,"success":false,"message":"No content available."}}}
{"level":"info","msg":"got stdin json","fields":{"json":{"arguments":{"line":94,"offset":34,"file":"/home/raynos/projects/jsig/lib/_tsserver.js"},"command":"quickinfo","seq":139,"type":"request"}}}
{"level":"info","msg":"doing a type check","fields":{}}
{"level":"info","msg":"about to run type checker","fields":{}}
{"level":"warn","msg":"ran a check","fields":{"fileName":"/home/raynos/projects/jsig/lib/_tsserver.js","errorCount":577}}
{"level":"info","msg":"got stdin buffer","fields":{"line":"{\"arguments\": {\"filesToSearch\": [\"/home/raynos/projects/jsig/lib/_tsserver.js\"], \"line\": 94, \"offset\": 34, \"file\": \"/home/raynos/projects/jsig/lib/_tsserver.js\"}, \"command\": \"documentHighlights\", \"seq\": 140, \"type\": \"request\"}\n{\"arguments\": {\"line\": 94, \"offset\": 35, \"file\": \"/home/raynos/projects/jsig/lib/_tsserver.js\"}, \"command\": \"quickinfo\", \"seq\": 141, \"type\": \"request\"}\n{\"arguments\": {\"filesToSearch\": [\"/home/raynos/projects/jsig/lib/_tsserver.js\"], \"line\": 94, \"offset\": 35, \"file\": \"/home/raynos/projects/jsig/lib/_tsserver.js\"}, \"command\": \"documentHighlights\", \"seq\": 142, \"type\": \"request\"}\n"}}
{"level":"info","msg":"got stdout response buffer","fields":{"json":{"seq":0,"type":"response","command":"quickinfo","request_seq":139,"success":true,"body":{"kind":"","kindModifiers":"","start":{"line":94,"offset":32},"end":{"line":94,"offset":42},"displayString":"any","documentation":""}}}}
{"level":"info","msg":"got stdout response buffer","fields":{"json":{"seq":0,"type":"response","command":"documentHighlights","request_seq":140,"success":false,"message":"No content available."}}}
{"level":"info","msg":"got stdout response buffer","fields":{"json":{"seq":0,"type":"response","command":"quickinfo","request_seq":141,"success":true,"body":{"kind":"","kindModifiers":"","start":{"line":94,"offset":32},"end":{"line":94,"offset":42},"displayString":"any","documentation":""}}}}
{"level":"info","msg":"got stdout response buffer","fields":{"json":{"seq":0,"type":"response","command":"documentHighlights","request_seq":142,"success":false,"message":"No content available."}}}
{"level":"info","msg":"got stdin json","fields":{"json":{"arguments":{"line":94,"file":"/home/raynos/projects/jsig/lib/_tsserver.js","endOffset":35,"insertString":"","offset":34,"endLine":94},"command":"change","seq":143,"type":"request"}}}
{"level":"info","msg":"got stdin json","fields":{"json":{"arguments":{"delay":500,"files":["/home/raynos/projects/jsig/lib/_tsserver.js"]},"command":"geterr","seq":144,"type":"request"}}}
{"level":"info","msg":"got stdin json","fields":{"json":{"arguments":{"line":94,"file":"/home/raynos/projects/jsig/lib/_tsserver.js","endOffset":34,"insertString":"","offset":33,"endLine":94},"command":"change","seq":145,"type":"request"}}}
{"level":"info","msg":"got stdin json","fields":{"json":{"arguments":{"delay":500,"files":["/home/raynos/projects/jsig/lib/_tsserver.js"]},"command":"geterr","seq":146,"type":"request"}}}
{"level":"info","msg":"got stdout response buffer","fields":{"json":{"seq":0,"type":"event","event":"syntaxDiag","body":{"file":"/home/raynos/projects/jsig/lib/_tsserver.js","diagnostics":[]}}}}
{"level":"info","msg":"got stdin json","fields":{"json":{"arguments":{"line":94,"offset":33,"file":"/home/raynos/projects/jsig/lib/_tsserver.js"},"command":"quickinfo","seq":147,"type":"request"}}}
{"level":"info","msg":"doing a type check","fields":{}}
{"level":"info","msg":"about to run type checker","fields":{}}
{"level":"warn","msg":"ran a check","fields":{"fileName":"/home/raynos/projects/jsig/lib/_tsserver.js","errorCount":577}}
{"level":"info","msg":"got stdout response buffer","fields":{"json":{"seq":0,"type":"event","event":"semanticDiag","body":{"file":"/home/raynos/projects/jsig/lib/_tsserver.js","diagnostics":[]}}}}
{"level":"info","msg":"got stdin json","fields":{"json":{"arguments":{"line":94,"offset":33,"file":"/home/raynos/projects/jsig/lib/_tsserver.js"},"command":"quickinfo","seq":148,"type":"request"}}}
{"level":"info","msg":"doing a type check","fields":{}}
{"level":"info","msg":"about to run type checker","fields":{}}
{"level":"warn","msg":"ran a check","fields":{"fileName":"/home/raynos/projects/jsig/lib/_tsserver.js","errorCount":577}}
{"level":"info","msg":"got stdin json","fields":{"json":{"arguments":{"line":94,"file":"/home/raynos/projects/jsig/lib/_tsserver.js","endOffset":33,"insertString":"_","offset":33,"endLine":94},"command":"change","seq":149,"type":"request"}}}
{"level":"info","msg":"got stdout response buffer","fields":{"json":{"seq":0,"type":"response","command":"quickinfo","request_seq":148,"success":true,"body":{"kind":"","kindModifiers":"","start":{"line":94,"offset":32},"end":{"line":94,"offset":40},"displayString":"any","documentation":""}}}}
{"level":"info","msg":"got stdin json","fields":{"json":{"arguments":{"delay":500,"files":["/home/raynos/projects/jsig/lib/_tsserver.js"]},"command":"geterr","seq":150,"type":"request"}}}
{"level":"info","msg":"got stdout response buffer","fields":{"json":{"seq":0,"type":"event","event":"syntaxDiag","body":{"file":"/home/raynos/projects/jsig/lib/_tsserver.js","diagnostics":[]}}}}
{"level":"info","msg":"got stdout response buffer","fields":{"json":{"seq":0,"type":"event","event":"semanticDiag","body":{"file":"/home/raynos/projects/jsig/lib/_tsserver.js","diagnostics":[]}}}}
{"level":"info","msg":"got stdin json","fields":{"json":{"arguments":{"line":94,"file":"/home/raynos/projects/jsig/lib/_tsserver.js","endOffset":44,"insertString":".","offset":44,"endLine":94},"command":"change","seq":151,"type":"request"}}}
{"level":"info","msg":"got stdin json","fields":{"json":{"arguments":{"delay":500,"files":["/home/raynos/projects/jsig/lib/_tsserver.js"]},"command":"geterr","seq":152,"type":"request"}}}
{"level":"info","msg":"got stdin json","fields":{"json":{"arguments":{"line":94,"file":"/home/raynos/projects/jsig/lib/_tsserver.js","endOffset":45,"insertString":".","offset":45,"endLine":94},"command":"change","seq":153,"type":"request"}}}
{"level":"info","msg":"got stdin json","fields":{"json":{"arguments":{"delay":500,"files":["/home/raynos/projects/jsig/lib/_tsserver.js"]},"command":"geterr","seq":154,"type":"request"}}}
{"level":"info","msg":"got stdout response buffer","fields":{"json":{"seq":0,"type":"event","event":"syntaxDiag","body":{"file":"/home/raynos/projects/jsig/lib/_tsserver.js","diagnostics":[]}}}}
{"level":"info","msg":"got stdout response buffer","fields":{"json":{"seq":0,"type":"event","event":"semanticDiag","body":{"file":"/home/raynos/projects/jsig/lib/_tsserver.js","diagnostics":[]}}}}
{"level":"info","msg":"got stdin json","fields":{"json":{"arguments":{"delay":500,"files":["/home/raynos/projects/jsig/lib/_tsserver.js"]},"command":"geterr","seq":155,"type":"request"}}}
{"level":"info","msg":"got stdin json","fields":{"json":{"arguments":{"filesToSearch":["/home/raynos/projects/jsig/lib/_tsserver.js"],"line":94,"offset":46,"file":"/home/raynos/projects/jsig/lib/_tsserver.js"},"command":"documentHighlights","seq":156,"type":"request"}}}
{"level":"info","msg":"got stdout response buffer","fields":{"json":{"seq":0,"type":"response","command":"documentHighlights","request_seq":156,"success":false,"message":"No content available."}}}
{"level":"info","msg":"got stdout response buffer","fields":{"json":{"seq":0,"type":"event","event":"syntaxDiag","body":{"file":"/home/raynos/projects/jsig/lib/_tsserver.js","diagnostics":[]}}}}
{"level":"info","msg":"got stdout response buffer","fields":{"json":{"seq":0,"type":"event","event":"semanticDiag","body":{"file":"/home/raynos/projects/jsig/lib/_tsserver.js","diagnostics":[]}}}}
{"level":"info","msg":"got stdin json","fields":{"json":{"arguments":{"delay":500,"files":["/home/raynos/projects/jsig/lib/_tsserver.js"]},"command":"geterr","seq":157,"type":"request"}}}
{"level":"info","msg":"got stdin json","fields":{"json":{"arguments":{"filesToSearch":["/home/raynos/projects/jsig/lib/_tsserver.js"],"line":94,"offset":46,"file":"/home/raynos/projects/jsig/lib/_tsserver.js"},"command":"documentHighlights","seq":158,"type":"request"}}}
{"level":"info","msg":"got stdout response buffer","fields":{"json":{"seq":0,"type":"response","command":"documentHighlights","request_seq":158,"success":false,"message":"No content available."}}}
{"level":"info","msg":"got stdout response buffer","fields":{"json":{"seq":0,"type":"event","event":"syntaxDiag","body":{"file":"/home/raynos/projects/jsig/lib/_tsserver.js","diagnostics":[]}}}}
{"level":"info","msg":"got stdout response buffer","fields":{"json":{"seq":0,"type":"event","event":"semanticDiag","body":{"file":"/home/raynos/projects/jsig/lib/_tsserver.js","diagnostics":[]}}}}
{"level":"info","msg":"got stdin json","fields":{"json":{"arguments":{"delay":500,"files":["/home/raynos/projects/jsig/lib/_tsserver.js"]},"command":"geterr","seq":159,"type":"request"}}}
{"level":"info","msg":"got stdin json","fields":{"json":{"arguments":{"filesToSearch":["/home/raynos/projects/jsig/lib/_tsserver.js"],"line":94,"offset":46,"file":"/home/raynos/projects/jsig/lib/_tsserver.js"},"command":"documentHighlights","seq":160,"type":"request"}}}
{"level":"info","msg":"got stdout response buffer","fields":{"json":{"seq":0,"type":"response","command":"documentHighlights","request_seq":160,"success":false,"message":"No content available."}}}
{"level":"info","msg":"got stdout response buffer","fields":{"json":{"seq":0,"type":"event","event":"syntaxDiag","body":{"file":"/home/raynos/projects/jsig/lib/_tsserver.js","diagnostics":[]}}}}
{"level":"info","msg":"got stdout response buffer","fields":{"json":{"seq":0,"type":"event","event":"semanticDiag","body":{"file":"/home/raynos/projects/jsig/lib/_tsserver.js","diagnostics":[]}}}}
{"level":"info","msg":"got stdin json","fields":{"json":{"arguments":{"filesToSearch":["/home/raynos/projects/jsig/lib/_tsserver.js"],"line":94,"offset":46,"file":"/home/raynos/projects/jsig/lib/_tsserver.js"},"command":"documentHighlights","seq":161,"type":"request"}}}
{"level":"info","msg":"got stdout response buffer","fields":{"json":{"seq":0,"type":"response","command":"documentHighlights","request_seq":161,"success":false,"message":"No content available."}}}
{"level":"info","msg":"got stdin json","fields":{"json":{"arguments":{"delay":500,"files":["/home/raynos/projects/jsig/lib/_tsserver.js"]},"command":"geterr","seq":162,"type":"request"}}}
{"level":"info","msg":"got stdin json","fields":{"json":{"arguments":{"filesToSearch":["/home/raynos/projects/jsig/lib/_tsserver.js"],"line":94,"offset":46,"file":"/home/raynos/projects/jsig/lib/_tsserver.js"},"command":"documentHighlights","seq":163,"type":"request"}}}
{"level":"info","msg":"got stdout response buffer","fields":{"json":{"seq":0,"type":"response","command":"documentHighlights","request_seq":163,"success":false,"message":"No content available."}}}
{"level":"info","msg":"got stdout response buffer","fields":{"json":{"seq":0,"type":"event","event":"syntaxDiag","body":{"file":"/home/raynos/projects/jsig/lib/_tsserver.js","diagnostics":[]}}}}
{"level":"info","msg":"got stdin json","fields":{"json":{"arguments":{"filesToSearch":["/home/raynos/projects/jsig/lib/_tsserver.js"],"line":101,"offset":1,"file":"/home/raynos/projects/jsig/lib/_tsserver.js"},"command":"documentHighlights","seq":164,"type":"request"}}}
{"level":"info","msg":"got stdout response buffer","fields":{"json":{"seq":0,"type":"event","event":"semanticDiag","body":{"file":"/home/raynos/projects/jsig/lib/_tsserver.js","diagnostics":[]}}}}
{"level":"info","msg":"got stdout response buffer","fields":{"json":{"seq":0,"type":"response","command":"documentHighlights","request_seq":164,"success":false,"message":"No content available."}}}
{"level":"info","msg":"got stdin json","fields":{"json":{"arguments":{"formatOptions":{"tabSize":4,"convertTabsToSpaces":true,"indentSize":4},"hostInfo":"Sublime Text version 3114","file":"/home/raynos/projects/jsig/lib/_tsserver.js"},"command":"configure","seq":165,"type":"request"}}}
{"level":"info","msg":"got stdout response buffer","fields":{"json":{"seq":0,"type":"response","command":"configure","request_seq":165,"success":true}}}
{"level":"info","msg":"got stdin json","fields":{"json":{"arguments":{"file":"/home/raynos/projects/http-hash-server2/lib/router.ts"},"command":"open","seq":166,"type":"request"}}}
{"level":"info","msg":"got stdin json","fields":{"json":{"arguments":{"file":"/home/raynos/projects/jsig/lib/_tsserver.js"},"command":"close","seq":167,"type":"request"}}}
{"level":"info","msg":"got stdin json","fields":{"json":{"arguments":{"delay":500,"files":["/home/raynos/projects/http-hash-server2/lib/router.ts"]},"command":"geterr","seq":168,"type":"request"}}}
{"level":"info","msg":"got stdin json","fields":{"json":{"arguments":{"line":88,"offset":16,"file":"/home/raynos/projects/http-hash-server2/lib/router.ts"},"command":"quickinfo","seq":169,"type":"request"}}}
{"level":"info","msg":"got stdin json","fields":{"json":{"arguments":{"filesToSearch":["/home/raynos/projects/http-hash-server2/lib/router.ts"],"line":88,"offset":16,"file":"/home/raynos/projects/http-hash-server2/lib/router.ts"},"command":"documentHighlights","seq":170,"type":"request"}}}
{"level":"info","msg":"got stdin json","fields":{"json":{"arguments":{"formatOptions":{"tabSize":4,"convertTabsToSpaces":true,"indentSize":4},"hostInfo":"Sublime Text version 3114","file":"/home/raynos/projects/http-hash-server2/lib/router.ts"},"command":"configure","seq":171,"type":"request"}}}
{"level":"info","msg":"got stdin json","fields":{"json":{"arguments":{"file":"/home/raynos/projects/http-hash-server2/lib/router.ts"},"command":"close","seq":172,"type":"request"}}}
{"level":"info","msg":"got stdin json","fields":{"json":{"arguments":{"delay":500,"files":["/home/raynos/projects/jsig/bin/jsig.js"]},"command":"geterr","seq":173,"type":"request"}}}
{"level":"info","msg":"got stdin json","fields":{"json":{"arguments":{"line":88,"offset":20,"file":"/home/raynos/projects/jsig/bin/jsig.js"},"command":"quickinfo","seq":174,"type":"request"}}}
{"level":"info","msg":"doing a type check","fields":{}}
{"level":"info","msg":"about to run type checker","fields":{}}
{"level":"warn","msg":"ran a check","fields":{"fileName":"/home/raynos/projects/jsig/bin/jsig.js","errorCount":537}}
{"level":"info","msg":"got stdin buffer","fields":{"line":"{\"arguments\": {\"filesToSearch\": [\"/home/raynos/projects/jsig/bin/jsig.js\"], \"line\": 88, \"offset\": 20, \"file\": \"/home/raynos/projects/jsig/bin/jsig.js\"}, \"command\": \"documentHighlights\", \"seq\": 175, \"type\": \"request\"}\n{\"arguments\": {\"formatOptions\": {\"tabSize\": 4, \"convertTabsToSpaces\": true, \"indentSize\": 4}, \"hostInfo\": \"Sublime Text version 3114\", \"file\": \"/home/raynos/projects/jsig/bin/jsig.js\"}, \"command\": \"configure\", \"seq\": 176, \"type\": \"request\"}\n{\"arguments\": {\"file\": \"/home/raynos/projects/jsig/bin/jsig.js\"}, \"command\": \"close\", \"seq\": 177, \"type\": \"request\"}\n"}}
{"level":"info","msg":"got stdout response buffer","fields":{"json":{"seq":0,"type":"response","command":"quickinfo","request_seq":169,"success":true,"body":{"kind":"local var","kindModifiers":"","start":{"line":88,"offset":13},"end":{"line":88,"offset":22},"displayString":"(local var) parsedUrl: {\n    pathname: string;\n}","documentation":""}}}}
{"level":"info","msg":"got stdout response buffer","fields":{"json":{"seq":0,"type":"response","command":"documentHighlights","request_seq":170,"success":true,"body":[{"file":"/home/raynos/projects/http-hash-server2/lib/router.ts","highlightSpans":[{"start":{"line":88,"offset":13},"end":{"line":88,"offset":22},"kind":"writtenReference"},{"start":{"line":90,"offset":35},"end":{"line":90,"offset":44},"kind":"reference"},{"start":{"line":94,"offset":13},"end":{"line":94,"offset":22},"kind":"reference"}]}]}}}
{"level":"info","msg":"got stdout response buffer","fields":{"json":{"seq":0,"type":"response","command":"quickinfo","request_seq":174,"success":true,"body":{"kind":"property","kindModifiers":"","start":{"line":88,"offset":9},"end":{"line":88,"offset":20},"displayString":"(property) definitions: any","documentation":""}}}}
{"level":"info","msg":"got stdout response buffer","fields":{"json":{"seq":0,"type":"response","command":"documentHighlights","request_seq":175,"success":true,"body":[{"file":"/home/raynos/projects/jsig/bin/jsig.js","highlightSpans":[{"start":{"line":88,"offset":9},"end":{"line":88,"offset":20},"kind":"writtenReference"}]}]}}}
{"level":"info","msg":"got stdin json","fields":{"json":{"arguments":{"file":"/home/raynos/projects/http-hash-server/package.json"},"command":"close","seq":178,"type":"request"}}}
{"level":"info","msg":"got stdin json","fields":{"json":{"arguments":{"delay":500,"files":["/home/raynos/projects/http-hash-server/lib/router.js"]},"command":"geterr","seq":179,"type":"request"}}}
{"level":"info","msg":"got stdin json","fields":{"json":{"arguments":{"line":125,"offset":12,"file":"/home/raynos/projects/http-hash-server/lib/router.js"},"command":"quickinfo","seq":180,"type":"request"}}}
{"level":"info","msg":"doing a type check","fields":{}}
{"level":"info","msg":"about to run type checker","fields":{}}
{"level":"warn","msg":"ran a check","fields":{"fileName":"/home/raynos/projects/http-hash-server/lib/router.js","errorCount":39}}
{"level":"info","msg":"got stdin buffer","fields":{"line":"{\"arguments\": {\"filesToSearch\": [\"/home/raynos/projects/http-hash-server/lib/router.js\"], \"line\": 125, \"offset\": 12, \"file\": \"/home/raynos/projects/http-hash-server/lib/router.js\"}, \"command\": \"documentHighlights\", \"seq\": 181, \"type\": \"request\"}\n{\"arguments\": {\"file\": \"/home/raynos/projects/http-hash-server/lib/router.js\"}, \"command\": \"close\", \"seq\": 182, \"type\": \"request\"}\n"}}
{"level":"info","msg":"got stdout response buffer","fields":{"json":{"seq":0,"type":"response","command":"quickinfo","request_seq":180,"success":true,"body":{"kind":"local var","kindModifiers":"","start":{"line":125,"offset":9},"end":{"line":125,"offset":18},"displayString":"(local var) parsedUrl: any","documentation":""}}}}
{"level":"info","msg":"got stdout response buffer","fields":{"json":{"seq":0,"type":"response","command":"documentHighlights","request_seq":181,"success":true,"body":[{"file":"/home/raynos/projects/http-hash-server/lib/router.js","highlightSpans":[{"start":{"line":125,"offset":9},"end":{"line":125,"offset":18},"kind":"writtenReference"},{"start":{"line":127,"offset":31},"end":{"line":127,"offset":40},"kind":"reference"},{"start":{"line":131,"offset":9},"end":{"line":131,"offset":18},"kind":"reference"}]}]}}}
{"level":"info","msg":"got stdin json","fields":{"json":{"arguments":{"file":null},"command":"close","seq":183,"type":"request"}}}
{"level":"info","msg":"got stdin json","fields":{"json":{"arguments":{"file":null},"command":"close","seq":184,"type":"request"}}}
{"level":"info","msg":"got stdin json","fields":{"json":{"arguments":{"file":"/home/raynos/uber/location-store/config/config_test.go"},"command":"close","seq":185,"type":"request"}}}
{"level":"info","msg":"got stdin json","fields":{"json":{"arguments":{"file":"/home/raynos/uber/location-store/config/config_suite_test.go"},"command":"close","seq":186,"type":"request"}}}
{"level":"info","msg":"got stdin json","fields":{"json":{"arguments":{"file":"/home/raynos/uber/location-store/config/config.go"},"command":"close","seq":187,"type":"request"}}}
{"level":"info","msg":"got stdin json","fields":{"json":{"arguments":{"file":"/home/raynos/uber/location-store/config/test.yaml"},"command":"close","seq":188,"type":"request"}}}
{"level":"info","msg":"got stdin json","fields":{"json":{"arguments":{"file":"/home/raynos/uber/location-store/config/production-sjc1.yaml"},"command":"close","seq":189,"type":"request"}}}
{"level":"info","msg":"got stdin json","fields":{"json":{"arguments":{"file":"/home/raynos/uber/location-store/config/cassandra_config.go"},"command":"close","seq":190,"type":"request"}}}
{"level":"info","msg":"got stdin json","fields":{"json":{"arguments":{"file":"/home/raynos/uber/location-store/config/production.yaml"},"command":"close","seq":191,"type":"request"}}}
{"level":"info","msg":"got stdin json","fields":{"json":{"arguments":{"file":"/home/raynos/uber/location-store/example.json"},"command":"close","seq":192,"type":"request"}}}
{"level":"info","msg":"got stdin json","fields":{"json":{"arguments":{"file":"/home/raynos/uber/location-store/entrypoint.py"},"command":"close","seq":193,"type":"request"}}}
{"level":"info","msg":"got stdin json","fields":{"json":{"arguments":{"file":"/home/raynos/uber/location-store/main.go"},"command":"close","seq":194,"type":"request"}}}
{"level":"info","msg":"got stdin json","fields":{"json":{"arguments":{"file":"/home/raynos/uber/location-store/main.go"},"command":"close","seq":195,"type":"request"}}}
{"level":"info","msg":"got stdin json","fields":{"json":{"arguments":{"file":"/home/raynos/uber/location-store/config/base.yaml"},"command":"close","seq":196,"type":"request"}}}
{"level":"info","msg":"got stdin buffer","fields":{"line":"{\"arguments\": {\"file\": null}, \"command\": \"close\", \"seq\": 197, \"type\": \"request\"}\n{\"arguments\": {\"file\": null}, \"command\": \"close\", \"seq\": 198, \"type\": \"request\"}\n"}}
{"level":"warn","msg":"got uncaught","fields":{"error":{},"message":"process.stderr cannot be closed.","stack":"Error: process.stderr cannot be closed.\n    at Socket.stderr.destroy.stderr.destroySoon (node.js:634:20)\n    at Socket.onSocketFinish (net.js:204:17)\n    at Socket.EventEmitter.emit (events.js:92:17)\n    at SocketInspector.inspectEmit (/home/raynos/projects/jsig/lib/socket-inspector.js:134:23)\n    at Socket.boundInspectEmit [as emit] (/home/raynos/projects/jsig/lib/socket-inspector.js:51:14)\n    at finishMaybe (_stream_writable.js:360:12)\n    at endWritable (_stream_writable.js:367:3)\n    at Socket.Writable.end (_stream_writable.js:345:5)\n    at Socket.end (net.js:396:31)\n    at Socket.onEnd (/home/raynos/projects/jsig/lib/_tsserver.js:163:24)"}}
{"level":"warn","msg":"got uncaught","fields":{"error":{},"message":"process.stdout cannot be closed.","stack":"Error: process.stdout cannot be closed.\n    at Socket.stdout.destroy.stdout.destroySoon (node.js:619:20)\n    at Socket.onSocketFinish (net.js:204:17)\n    at Socket.EventEmitter.emit (events.js:92:17)\n    at SocketInspector.inspectEmit (/home/raynos/projects/jsig/lib/socket-inspector.js:134:23)\n    at Socket.boundInspectEmit [as emit] (/home/raynos/projects/jsig/lib/socket-inspector.js:51:14)\n    at finishMaybe (_stream_writable.js:360:12)\n    at endWritable (_stream_writable.js:367:3)\n    at Socket.Writable.end (_stream_writable.js:345:5)\n    at Socket.end (net.js:396:31)\n    at Socket.onEnd (/home/raynos/projects/jsig/lib/_tsserver.js:152:24)"}}
{"level":"warn","msg":"got uncaught","fields":{"error":{},"message":"Maximum call stack size exceeded"}}
{"level":"warn","msg":"tsserver exited","fields":{"code":0}}
{"level":"warn","msg":"tsserver closed","fields":{}}
